This is pdfTeX, Version 3.1415926-2.4-1.40.13 (MiKTeX 2.9 64-bit) (preloaded format=pdflatex 2014.6.3)  29 JUN 2014 17:03
entering extended mode
**Manual.tex

("C:\Users\Akhil Jain\Desktop\Project\Kinect Based Module Development\Reference
 Material\Latex Files\Manual.tex"
LaTeX2e <2011/06/27>
Babel <v3.8m> and hyphenation patterns for english, afrikaans, ancientgreek, ar
abic, armenian, assamese, basque, bengali, bokmal, bulgarian, catalan, coptic, 
croatian, czech, danish, dutch, esperanto, estonian, farsi, finnish, french, ga
lician, german, german-x-2012-05-30, greek, gujarati, hindi, hungarian, iceland
ic, indonesian, interlingua, irish, italian, kannada, kurmanji, latin, latvian,
 lithuanian, malayalam, marathi, mongolian, mongolianlmc, monogreek, ngerman, n
german-x-2012-05-30, nynorsk, oriya, panjabi, pinyin, polish, portuguese, roman
ian, russian, sanskrit, serbian, slovak, slovenian, spanish, swedish, swissgerm
an, tamil, telugu, turkish, turkmen, ukenglish, ukrainian, uppersorbian, usengl
ishmax, welsh, loaded.

("C:\Users\Akhil Jain\Desktop\Technical\E-yantra\Latex - Installed\tex\latex\ba
se\report.cls"
Document Class: report 2007/10/19 v1.4h Standard LaTeX document class

("C:\Users\Akhil Jain\Desktop\Technical\E-yantra\Latex - Installed\tex\latex\ba
se\size10.clo"
File: size10.clo 2007/10/19 v1.4h Standard LaTeX file (size option)
)
\c@part=\count79
\c@chapter=\count80
\c@section=\count81
\c@subsection=\count82
\c@subsubsection=\count83
\c@paragraph=\count84
\c@subparagraph=\count85
\c@figure=\count86
\c@table=\count87
\abovecaptionskip=\skip41
\belowcaptionskip=\skip42
\bibindent=\dimen102
)
("C:\Users\Akhil Jain\Desktop\Technical\E-yantra\Latex - Installed\tex\latex\ge
ometry\geometry.sty"
Package: geometry 2010/09/12 v5.6 Page Geometry

("C:\Users\Akhil Jain\Desktop\Technical\E-yantra\Latex - Installed\tex\latex\gr
aphics\keyval.sty"
Package: keyval 1999/03/16 v1.13 key=value parser (DPC)
\KV@toks@=\toks14
)
("C:\Users\Akhil Jain\Desktop\Technical\E-yantra\Latex - Installed\tex\generic\
oberdiek\ifpdf.sty"
Package: ifpdf 2011/01/30 v2.3 Provides the ifpdf switch (HO)
Package ifpdf Info: pdfTeX in PDF mode is detected.
)
("C:\Users\Akhil Jain\Desktop\Technical\E-yantra\Latex - Installed\tex\generic\
oberdiek\ifvtex.sty"
Package: ifvtex 2010/03/01 v1.5 Detect VTeX and its facilities (HO)
Package ifvtex Info: VTeX not detected.
)
("C:\Users\Akhil Jain\Desktop\Technical\E-yantra\Latex - Installed\tex\generic\
ifxetex\ifxetex.sty"
Package: ifxetex 2010/09/12 v0.6 Provides ifxetex conditional
)
\Gm@cnth=\count88
\Gm@cntv=\count89
\c@Gm@tempcnt=\count90
\Gm@bindingoffset=\dimen103
\Gm@wd@mp=\dimen104
\Gm@odd@mp=\dimen105
\Gm@even@mp=\dimen106
\Gm@layoutwidth=\dimen107
\Gm@layoutheight=\dimen108
\Gm@layouthoffset=\dimen109
\Gm@layoutvoffset=\dimen110
\Gm@dimlist=\toks15

("C:\Users\Akhil Jain\Desktop\Technical\E-yantra\Latex - Installed\tex\latex\ge
ometry\geometry.cfg"))

Package geometry Warning: Over-specification in `h'-direction.
    `width' (597.50787pt) is ignored.


Package geometry Warning: Over-specification in `v'-direction.
    `height' (845.04684pt) is ignored.


("C:\Users\Akhil Jain\Desktop\Technical\E-yantra\Latex - Installed\tex\latex\gr
aphics\graphicx.sty"
Package: graphicx 1999/02/16 v1.0f Enhanced LaTeX Graphics (DPC,SPQR)

("C:\Users\Akhil Jain\Desktop\Technical\E-yantra\Latex - Installed\tex\latex\gr
aphics\graphics.sty"
Package: graphics 2009/02/05 v1.0o Standard LaTeX Graphics (DPC,SPQR)

("C:\Users\Akhil Jain\Desktop\Technical\E-yantra\Latex - Installed\tex\latex\gr
aphics\trig.sty"
Package: trig 1999/03/16 v1.09 sin cos tan (DPC)
)
("C:\Users\Akhil Jain\Desktop\Technical\E-yantra\Latex - Installed\tex\latex\00
miktex\graphics.cfg"
File: graphics.cfg 2007/01/18 v1.5 graphics configuration of teTeX/TeXLive
)
Package graphics Info: Driver file: pdftex.def on input line 91.

("C:\Users\Akhil Jain\Desktop\Technical\E-yantra\Latex - Installed\tex\latex\pd
ftex-def\pdftex.def"
File: pdftex.def 2011/05/27 v0.06d Graphics/color for pdfTeX

("C:\Users\Akhil Jain\Desktop\Technical\E-yantra\Latex - Installed\tex\generic\
oberdiek\infwarerr.sty"
Package: infwarerr 2010/04/08 v1.3 Providing info/warning/error messages (HO)
)
("C:\Users\Akhil Jain\Desktop\Technical\E-yantra\Latex - Installed\tex\generic\
oberdiek\ltxcmds.sty"
Package: ltxcmds 2011/11/09 v1.22 LaTeX kernel commands for general use (HO)
)
\Gread@gobject=\count91
))
\Gin@req@height=\dimen111
\Gin@req@width=\dimen112
)
("C:\Users\Akhil Jain\Desktop\Technical\E-yantra\Latex - Installed\tex\latex\hy
perref\hyperref.sty"
Package: hyperref 2012/11/06 v6.83m Hypertext links for LaTeX

("C:\Users\Akhil Jain\Desktop\Technical\E-yantra\Latex - Installed\tex\generic\
oberdiek\hobsub-hyperref.sty"
Package: hobsub-hyperref 2012/04/25 v1.12 Bundle oberdiek, subset hyperref (HO)


("C:\Users\Akhil Jain\Desktop\Technical\E-yantra\Latex - Installed\tex\generic\
oberdiek\hobsub-generic.sty"
Package: hobsub-generic 2012/04/25 v1.12 Bundle oberdiek, subset generic (HO)
Package: hobsub 2012/04/25 v1.12 Construct package bundles (HO)
Package hobsub Info: Skipping package `infwarerr' (already loaded).
Package hobsub Info: Skipping package `ltxcmds' (already loaded).
Package: ifluatex 2010/03/01 v1.3 Provides the ifluatex switch (HO)
Package ifluatex Info: LuaTeX not detected.
Package hobsub Info: Skipping package `ifvtex' (already loaded).
Package: intcalc 2007/09/27 v1.1 Expandable calculations with integers (HO)
Package hobsub Info: Skipping package `ifpdf' (already loaded).
Package: etexcmds 2011/02/16 v1.5 Avoid name clashes with e-TeX commands (HO)
Package etexcmds Info: Could not find \expanded.
(etexcmds)             That can mean that you are not using pdfTeX 1.50 or
(etexcmds)             that some package has redefined \expanded.
(etexcmds)             In the latter case, load this package earlier.
Package: kvsetkeys 2012/04/25 v1.16 Key value parser (HO)
Package: kvdefinekeys 2011/04/07 v1.3 Define keys (HO)
Package: pdftexcmds 2011/11/29 v0.20 Utility functions of pdfTeX for LuaTeX (HO
)
Package pdftexcmds Info: LuaTeX not detected.
Package pdftexcmds Info: \pdf@primitive is available.
Package pdftexcmds Info: \pdf@ifprimitive is available.
Package pdftexcmds Info: \pdfdraftmode found.
Package: pdfescape 2011/11/25 v1.13 Implements pdfTeX's escape features (HO)
Package: bigintcalc 2012/04/08 v1.3 Expandable calculations on big integers (HO
)
Package: bitset 2011/01/30 v1.1 Handle bit-vector datatype (HO)
Package: uniquecounter 2011/01/30 v1.2 Provide unlimited unique counter (HO)
)
Package hobsub Info: Skipping package `hobsub' (already loaded).
Package: letltxmacro 2010/09/02 v1.4 Let assignment for LaTeX macros (HO)
Package: hopatch 2011/06/24 v1.1 Wrapper for package hooks (HO)
Package: xcolor-patch 2011/01/30 xcolor patch
Package: atveryend 2011/06/30 v1.8 Hooks at the very end of document (HO)
Package atveryend Info: \enddocument detected (standard20110627).
Package: atbegshi 2011/10/05 v1.16 At begin shipout hook (HO)
Package: refcount 2011/10/16 v3.4 Data extraction from label references (HO)
Package: hycolor 2011/01/30 v1.7 Color options for hyperref/bookmark (HO)
)
("C:\Users\Akhil Jain\Desktop\Technical\E-yantra\Latex - Installed\tex\latex\ob
erdiek\auxhook.sty"
Package: auxhook 2011/03/04 v1.3 Hooks for auxiliary files (HO)
)
("C:\Users\Akhil Jain\Desktop\Technical\E-yantra\Latex - Installed\tex\latex\ob
erdiek\kvoptions.sty"
Package: kvoptions 2011/06/30 v3.11 Key value format for package options (HO)
)
\@linkdim=\dimen113
\Hy@linkcounter=\count92
\Hy@pagecounter=\count93

("C:\Users\Akhil Jain\Desktop\Technical\E-yantra\Latex - Installed\tex\latex\hy
perref\pd1enc.def"
File: pd1enc.def 2012/11/06 v6.83m Hyperref: PDFDocEncoding definition (HO)
)
\Hy@SavedSpaceFactor=\count94

("C:\Users\Akhil Jain\Desktop\Technical\E-yantra\Latex - Installed\tex\latex\00
miktex\hyperref.cfg"
File: hyperref.cfg 2002/06/06 v1.2 hyperref configuration of TeXLive
)
Package hyperref Info: Hyper figures OFF on input line 4443.
Package hyperref Info: Link nesting OFF on input line 4448.
Package hyperref Info: Hyper index ON on input line 4451.
Package hyperref Info: Plain pages OFF on input line 4458.
Package hyperref Info: Backreferencing OFF on input line 4463.
Package hyperref Info: Implicit mode ON; LaTeX internals redefined.
Package hyperref Info: Bookmarks ON on input line 4688.
\c@Hy@tempcnt=\count95

("C:\Users\Akhil Jain\Desktop\Technical\E-yantra\Latex - Installed\tex\latex\lt
xmisc\url.sty"
\Urlmuskip=\muskip10
Package: url 2006/04/12  ver 3.3  Verb mode for urls, etc.
)
LaTeX Info: Redefining \url on input line 5041.
\XeTeXLinkMargin=\dimen114
\Fld@menulength=\count96
\Field@Width=\dimen115
\Fld@charsize=\dimen116
Package hyperref Info: Hyper figures OFF on input line 6295.
Package hyperref Info: Link nesting OFF on input line 6300.
Package hyperref Info: Hyper index ON on input line 6303.
Package hyperref Info: backreferencing OFF on input line 6310.
Package hyperref Info: Link coloring OFF on input line 6315.
Package hyperref Info: Link coloring with OCG OFF on input line 6320.
Package hyperref Info: PDF/A mode OFF on input line 6325.
LaTeX Info: Redefining \ref on input line 6365.
LaTeX Info: Redefining \pageref on input line 6369.
\Hy@abspage=\count97
\c@Item=\count98
\c@Hfootnote=\count99
)

Package hyperref Message: Driver (autodetected): hpdftex.


("C:\Users\Akhil Jain\Desktop\Technical\E-yantra\Latex - Installed\tex\latex\hy
perref\hpdftex.def"
File: hpdftex.def 2012/11/06 v6.83m Hyperref driver for pdfTeX
\Fld@listcount=\count100
\c@bookmark@seq@number=\count101

("C:\Users\Akhil Jain\Desktop\Technical\E-yantra\Latex - Installed\tex\latex\ob
erdiek\rerunfilecheck.sty"
Package: rerunfilecheck 2011/04/15 v1.7 Rerun checks for auxiliary files (HO)
Package uniquecounter Info: New unique counter `rerunfilecheck' on input line 2
82.
)
\Hy@SectionHShift=\skip43
)
Package hyperref Info: Option `colorlinks' set `true' on input line 21.


LaTeX Warning: Unused global option(s):
    [20pt].


("C:\Users\Akhil Jain\Desktop\Project\Kinect Based Module Development\Reference
 Material\Latex Files\Manual.aux"
("C:\Users\Akhil Jain\Desktop\Project\Kinect Based Module Development\Reference
 Material\Latex Files\Ch1-Installation.aux")
("C:\Users\Akhil Jain\Desktop\Project\Kinect Based Module Development\Reference
 Material\Latex Files\Ch2-zigbee.aux")
("C:\Users\Akhil Jain\Desktop\Project\Kinect Based Module Development\Reference
 Material\Latex Files\Ch3-Setup.aux")
("C:\Users\Akhil Jain\Desktop\Project\Kinect Based Module Development\Reference
 Material\Latex Files\Ch4-Experiments.aux")
("C:\Users\Akhil Jain\Desktop\Project\Kinect Based Module Development\Reference
 Material\Latex Files\References.aux"))
LaTeX Font Info:    Checking defaults for OML/cmm/m/it on input line 24.
LaTeX Font Info:    ... okay on input line 24.
LaTeX Font Info:    Checking defaults for T1/cmr/m/n on input line 24.
LaTeX Font Info:    ... okay on input line 24.
LaTeX Font Info:    Checking defaults for OT1/cmr/m/n on input line 24.
LaTeX Font Info:    ... okay on input line 24.
LaTeX Font Info:    Checking defaults for OMS/cmsy/m/n on input line 24.
LaTeX Font Info:    ... okay on input line 24.
LaTeX Font Info:    Checking defaults for OMX/cmex/m/n on input line 24.
LaTeX Font Info:    ... okay on input line 24.
LaTeX Font Info:    Checking defaults for U/cmr/m/n on input line 24.
LaTeX Font Info:    ... okay on input line 24.
LaTeX Font Info:    Checking defaults for PD1/pdf/m/n on input line 24.
LaTeX Font Info:    ... okay on input line 24.

*geometry* driver: auto-detecting
*geometry* detected driver: pdftex
*geometry* verbose mode - [ preamble ] result:
* driver: pdftex
* paper: a4paper
* layout: <same size as paper>
* layoutoffset:(h,v)=(0.0pt,0.0pt)
* modes: 
* h-part:(L,W,R)=(56.9055pt, 483.69687pt, 56.9055pt)
* v-part:(T,H,B)=(56.9055pt, 731.23584pt, 56.9055pt)
* \paperwidth=597.50787pt
* \paperheight=845.04684pt
* \textwidth=483.69687pt
* \textheight=731.23584pt
* \oddsidemargin=-15.36449pt
* \evensidemargin=-15.36449pt
* \topmargin=-52.36449pt
* \headheight=12.0pt
* \headsep=25.0pt
* \topskip=10.0pt
* \footskip=30.0pt
* \marginparwidth=65.0pt
* \marginparsep=11.0pt
* \columnsep=10.0pt
* \skip\footins=9.0pt plus 4.0pt minus 2.0pt
* \hoffset=0.0pt
* \voffset=0.0pt
* \mag=1000
* \@twocolumnfalse
* \@twosidefalse
* \@mparswitchfalse
* \@reversemarginfalse
* (1in=72.27pt=25.4mm, 1cm=28.453pt)


("C:\Users\Akhil Jain\Desktop\Technical\E-yantra\Latex - Installed\tex\context\
base\supp-pdf.mkii"
[Loading MPS to PDF converter (version 2006.09.02).]
\scratchcounter=\count102
\scratchdimen=\dimen117
\scratchbox=\box26
\nofMPsegments=\count103
\nofMParguments=\count104
\everyMPshowfont=\toks16
\MPscratchCnt=\count105
\MPscratchDim=\dimen118
\MPnumerator=\count106
\makeMPintoPDFobject=\count107
\everyMPtoPDFconversion=\toks17
)
\AtBeginShipoutBox=\box27

("C:\Users\Akhil Jain\Desktop\Technical\E-yantra\Latex - Installed\tex\latex\gr
aphics\color.sty"
Package: color 2005/11/14 v1.0j Standard LaTeX Color (DPC)

("C:\Users\Akhil Jain\Desktop\Technical\E-yantra\Latex - Installed\tex\latex\00
miktex\color.cfg"
File: color.cfg 2007/01/18 v1.5 color configuration of teTeX/TeXLive
)
Package color Info: Driver file: pdftex.def on input line 130.
)
Package hyperref Info: Link coloring ON on input line 24.

("C:\Users\Akhil Jain\Desktop\Technical\E-yantra\Latex - Installed\tex\latex\hy
perref\nameref.sty"
Package: nameref 2012/10/27 v2.43 Cross-referencing by name of section

("C:\Users\Akhil Jain\Desktop\Technical\E-yantra\Latex - Installed\tex\generic\
oberdiek\gettitlestring.sty"
Package: gettitlestring 2010/12/03 v1.4 Cleanup title references (HO)
)
\c@section@level=\count108
)
LaTeX Info: Redefining \ref on input line 24.
LaTeX Info: Redefining \pageref on input line 24.
LaTeX Info: Redefining \nameref on input line 24.

("C:\Users\Akhil Jain\Desktop\Project\Kinect Based Module Development\Reference
 Material\Latex Files\Manual.out")
("C:\Users\Akhil Jain\Desktop\Project\Kinect Based Module Development\Reference
 Material\Latex Files\Manual.out")
\@outlinefile=\write3
LaTeX Font Info:    External font `cmex10' loaded for size
(Font)              <12> on input line 32.
LaTeX Font Info:    External font `cmex10' loaded for size
(Font)              <8> on input line 32.
LaTeX Font Info:    External font `cmex10' loaded for size
(Font)              <6> on input line 32.
 [1

{C:/Users/Akhil Jain/AppData/Local/MiKTeX/2.9/pdftex/config/pdftex.map}]
("C:\Users\Akhil Jain\Desktop\Project\Kinect Based Module Development\Reference
 Material\Latex Files\Manual.toc"
LaTeX Font Info:    External font `cmex10' loaded for size
(Font)              <7> on input line 2.
LaTeX Font Info:    External font `cmex10' loaded for size
(Font)              <5> on input line 2.
pdfTeX warning (ext4): destination with the same identifier (name{page.1}) has 
been already used, duplicate ignored
<to be read again> 
                   \relax 
l.48 ... of the experiment}}{46}{subsection.4.5.1}
                                                   [1

] [2])
\tf@toc=\write4
 [3]
("C:\Users\Akhil Jain\Desktop\Project\Kinect Based Module Development\Reference
 Material\Latex Files\Ch1-Installation.tex" [4

]
Chapter 1.
LaTeX Font Info:    Try loading font information for OMS+cmr on input line 29.

("C:\Users\Akhil Jain\Desktop\Technical\E-yantra\Latex - Installed\tex\latex\ba
se\omscmr.fd"
File: omscmr.fd 1999/05/25 v2.5h Standard LaTeX font definitions
)
LaTeX Font Info:    Font shape `OMS/cmr/m/n' in size <10> not available
(Font)              Font shape `OMS/cmsy/m/n' tried instead on input line 29.
 [5

] <website.jpg, id=638, 1011.02719pt x 536.75531pt>
File: website.jpg Graphic file (type jpg)

<use website.jpg>
Package pdftex.def Info: website.jpg used on input line 125.
(pdftex.def)             Requested size: 404.40372pt x 214.6983pt.
 <downloaded.jpg, id=639, 842.39719pt x 387.69844pt>
File: downloaded.jpg Graphic file (type jpg)

<use downloaded.jpg>
Package pdftex.def Info: downloaded.jpg used on input line 134.
(pdftex.def)             Requested size: 421.19756pt x 193.84874pt.
 <sdk_step1.jpg, id=640, 566.86781pt x 411.03563pt>
File: sdk_step1.jpg Graphic file (type jpg)

<use sdk_step1.jpg>
Package pdftex.def Info: sdk_step1.jpg used on input line 143.
(pdftex.def)             Requested size: 396.80476pt x 287.72298pt.
 <sdk_step2.jpg, id=641, 569.87906pt x 411.03563pt>
File: sdk_step2.jpg Graphic file (type jpg)

<use sdk_step2.jpg>
Package pdftex.def Info: sdk_step2.jpg used on input line 152.
(pdftex.def)             Requested size: 398.91261pt x 287.72298pt.
 <sdk_step3.jpg, id=642, 567.62062pt x 409.53pt>
File: sdk_step3.jpg Graphic file (type jpg)

<use sdk_step3.jpg>
Package pdftex.def Info: sdk_step3.jpg used on input line 160.
(pdftex.def)             Requested size: 397.33171pt x 286.66904pt.
 <toolkit_step1.jpg, id=643, 557.83406pt x 413.29407pt>
File: toolkit_step1.jpg Graphic file (type jpg)

<use toolkit_step1.jpg>
Package pdftex.def Info: toolkit_step1.jpg used on input line 169.
(pdftex.def)             Requested size: 390.48117pt x 289.30386pt.
 <toolkit_step2.jpg, id=644, 566.115pt x 409.53pt>
File: toolkit_step2.jpg Graphic file (type jpg)

<use toolkit_step2.jpg>
Package pdftex.def Info: toolkit_step2.jpg used on input line 177.
(pdftex.def)             Requested size: 396.2778pt x 286.66904pt.
 <toolkit_step3.jpg, id=645, 565.36218pt x 409.53pt>
File: toolkit_step3.jpg Graphic file (type jpg)

<use toolkit_step3.jpg>
Package pdftex.def Info: toolkit_step3.jpg used on input line 186.
(pdftex.def)             Requested size: 395.75082pt x 286.66904pt.
 <after_install.jpg, id=646, 670.75594pt x 523.20468pt>
File: after_install.jpg Graphic file (type jpg)

<use after_install.jpg>
Package pdftex.def Info: after_install.jpg used on input line 195.
(pdftex.def)             Requested size: 469.52594pt x 366.24077pt.
 [6 <C:/Users/Akhil Jain/Desktop/Project/Kinect Based Module Development/Refere
nce Material/Latex Files/website.jpg> <C:/Users/Akhil Jain/Desktop/Project/Kine
ct Based Module Development/Reference Material/Latex Files/downloaded.jpg>] [7 
<C:/Users/Akhil Jain/Desktop/Project/Kinect Based Module Development/Reference 
Material/Latex Files/sdk_step1.jpg> <C:/Users/Akhil Jain/Desktop/Project/Kinect
 Based Module Development/Reference Material/Latex Files/sdk_step2.jpg>] [8 <C:
/Users/Akhil Jain/Desktop/Project/Kinect Based Module Development/Reference Mat
erial/Latex Files/sdk_step3.jpg> <C:/Users/Akhil Jain/Desktop/Project/Kinect Ba
sed Module Development/Reference Material/Latex Files/toolkit_step1.jpg>] [9 <C
:/Users/Akhil Jain/Desktop/Project/Kinect Based Module Development/Reference Ma
terial/Latex Files/toolkit_step2.jpg> <C:/Users/Akhil Jain/Desktop/Project/Kine
ct Based Module Development/Reference Material/Latex Files/toolkit_step3.jpg>] 
[10 <C:/Users/Akhil Jain/Desktop/Project/Kinect Based Module Development/Refere
nce Material/Latex Files/after_install.jpg>] [11]
<step1.jpeg, id=697, 1371.1225pt x 770.88pt>
File: step1.jpeg Graphic file (type jpg)
 <use step1.jpeg>
Package pdftex.def Info: step1.jpeg used on input line 445.
(pdftex.def)             Requested size: 479.90007pt x 269.81204pt.

<step2.jpeg, id=698, 1371.1225pt x 770.88pt>
File: step2.jpeg Graphic file (type jpg)
 <use step2.jpeg>
Package pdftex.def Info: step2.jpeg used on input line 453.
(pdftex.def)             Requested size: 479.90007pt x 269.81204pt.

<step3.jpeg, id=699, 1371.1225pt x 770.88pt>
File: step3.jpeg Graphic file (type jpg)
 <use step3.jpeg>
Package pdftex.def Info: step3.jpeg used on input line 461.
(pdftex.def)             Requested size: 479.90007pt x 269.81204pt.

<step4.jpeg, id=700, 1371.1225pt x 770.88pt>
File: step4.jpeg Graphic file (type jpg)
 <use step4.jpeg>
Package pdftex.def Info: step4.jpeg used on input line 469.
(pdftex.def)             Requested size: 479.90007pt x 269.81204pt.

<step5.jpeg, id=701, 1371.1225pt x 770.88pt>
File: step5.jpeg Graphic file (type jpg)
 <use step5.jpeg>
Package pdftex.def Info: step5.jpeg used on input line 477.
(pdftex.def)             Requested size: 479.90007pt x 269.81204pt.

<step6.jpeg, id=702, 1371.1225pt x 770.88pt>
File: step6.jpeg Graphic file (type jpg)
 <use step6.jpeg>
Package pdftex.def Info: step6.jpeg used on input line 485.
(pdftex.def)             Requested size: 479.90007pt x 269.81204pt.

<step7.jpeg, id=703, 1371.1225pt x 770.88pt>
File: step7.jpeg Graphic file (type jpg)
 <use step7.jpeg>
Package pdftex.def Info: step7.jpeg used on input line 493.
(pdftex.def)             Requested size: 479.90007pt x 269.81204pt.

<step8.jpeg, id=704, 1371.1225pt x 770.88pt>
File: step8.jpeg Graphic file (type jpg)
 <use step8.jpeg>
Package pdftex.def Info: step8.jpeg used on input line 501.
(pdftex.def)             Requested size: 479.90007pt x 269.81204pt.

<step9.jpeg, id=705, 1371.1225pt x 770.88pt>
File: step9.jpeg Graphic file (type jpg)
 <use step9.jpeg>
Package pdftex.def Info: step9.jpeg used on input line 509.
(pdftex.def)             Requested size: 479.90007pt x 269.81204pt.

<step10.jpeg, id=706, 1371.1225pt x 770.88pt>
File: step10.jpeg Graphic file (type jpg)
 <use step10.jpeg>
Package pdftex.def Info: step10.jpeg used on input line 517.
(pdftex.def)             Requested size: 479.90007pt x 269.81204pt.

<step12.jpeg, id=707, 1371.1225pt x 770.88pt>
File: step12.jpeg Graphic file (type jpg)
 <use step12.jpeg>
Package pdftex.def Info: step12.jpeg used on input line 525.
(pdftex.def)             Requested size: 479.90007pt x 269.81204pt.

<step11.jpeg, id=708, 1371.1225pt x 770.88pt>
File: step11.jpeg Graphic file (type jpg)
 <use step11.jpeg>
Package pdftex.def Info: step11.jpeg used on input line 533.
(pdftex.def)             Requested size: 479.90007pt x 269.81204pt.
) [12] [13 <C:/Users/Akhil Jain/Desktop/Project/Kinect Based Module Development
/Reference Material/Latex Files/step1.jpeg> <C:/Users/Akhil Jain/Desktop/Projec
t/Kinect Based Module Development/Reference Material/Latex Files/step2.jpeg>] [
14 <C:/Users/Akhil Jain/Desktop/Project/Kinect Based Module Development/Referen
ce Material/Latex Files/step3.jpeg> <C:/Users/Akhil Jain/Desktop/Project/Kinect
 Based Module Development/Reference Material/Latex Files/step4.jpeg>] [15 <C:/U
sers/Akhil Jain/Desktop/Project/Kinect Based Module Development/Reference Mater
ial/Latex Files/step5.jpeg> <C:/Users/Akhil Jain/Desktop/Project/Kinect Based M
odule Development/Reference Material/Latex Files/step6.jpeg>] [16 <C:/Users/Akh
il Jain/Desktop/Project/Kinect Based Module Development/Reference Material/Late
x Files/step7.jpeg> <C:/Users/Akhil Jain/Desktop/Project/Kinect Based Module De
velopment/Reference Material/Latex Files/step8.jpeg>] [17 <C:/Users/Akhil Jain/
Desktop/Project/Kinect Based Module Development/Reference Material/Latex Files/
step9.jpeg> <C:/Users/Akhil Jain/Desktop/Project/Kinect Based Module Developmen
t/Reference Material/Latex Files/step10.jpeg>] [18 <C:/Users/Akhil Jain/Desktop
/Project/Kinect Based Module Development/Reference Material/Latex Files/step12.
jpeg> <C:/Users/Akhil Jain/Desktop/Project/Kinect Based Module Development/Refe
rence Material/Latex Files/step11.jpeg>]
("C:\Users\Akhil Jain\Desktop\Project\Kinect Based Module Development\Reference
 Material\Latex Files\Ch2-zigbee.tex" [19


]
Chapter 2.
<zigbee_1.jpg, id=750, 387.69844pt x 319.1925pt>
File: zigbee_1.jpg Graphic file (type jpg)
 <use zigbee_1.jpg>
Package pdftex.def Info: zigbee_1.jpg used on input line 47.
(pdftex.def)             Requested size: 193.84874pt x 159.59586pt.

<zigbee_2.jpg, id=751, 386.94562pt x 317.68687pt>
File: zigbee_2.jpg Graphic file (type jpg)
 <use zigbee_2.jpg>
Package pdftex.def Info: zigbee_2.jpg used on input line 61.
(pdftex.def)             Requested size: 193.47234pt x 158.84303pt.

<zigbee_3.jpg, id=752, 388.45125pt x 317.68687pt>
File: zigbee_3.jpg Graphic file (type jpg)
 <use zigbee_3.jpg>
Package pdftex.def Info: zigbee_3.jpg used on input line 78.
(pdftex.def)             Requested size: 194.22514pt x 158.84303pt.

<zigbee_4.jpg, id=753, 386.94562pt x 316.93407pt>
File: zigbee_4.jpg Graphic file (type jpg)
 <use zigbee_4.jpg>
Package pdftex.def Info: zigbee_4.jpg used on input line 95.
(pdftex.def)             Requested size: 193.47234pt x 158.46664pt.

<zigbee_5.jpg, id=754, 386.19281pt x 319.1925pt>
File: zigbee_5.jpg Graphic file (type jpg)
 <use zigbee_5.jpg>
Package pdftex.def Info: zigbee_5.jpg used on input line 111.
(pdftex.def)             Requested size: 193.09592pt x 159.59586pt.
 [20

]
[21 <C:/Users/Akhil Jain/Desktop/Project/Kinect Based Module Development/Refere
nce Material/Latex Files/zigbee_1.jpg> <C:/Users/Akhil Jain/Desktop/Project/Kin
ect Based Module Development/Reference Material/Latex Files/zigbee_2.jpg> <C:/U
sers/Akhil Jain/Desktop/Project/Kinect Based Module Development/Reference Mater
ial/Latex Files/zigbee_3.jpg>] [22 <C:/Users/Akhil Jain/Desktop/Project/Kinect 
Based Module Development/Reference Material/Latex Files/zigbee_4.jpg> <C:/Users
/Akhil Jain/Desktop/Project/Kinect Based Module Development/Reference Material/
Latex Files/zigbee_5.jpg>] <zigbee_8.jpg, id=772, 350.05782pt x 452.4403pt>
File: zigbee_8.jpg Graphic file (type jpg)

<use zigbee_8.jpg>
Package pdftex.def Info: zigbee_8.jpg used on input line 135.
(pdftex.def)             Requested size: 175.02847pt x 226.2196pt.
 <zigbee_17.jpg, id=773, 1846.9pt x 3276.24pt>
File: zigbee_17.jpg Graphic file (type jpg)

<use zigbee_17.jpg>
Package pdftex.def Info: zigbee_17.jpg used on input line 143.
(pdftex.def)             Requested size: 184.70082pt x 327.64319pt.
 <zigbee_11.jpg, id=774, 350.05782pt x 452.4403pt>
File: zigbee_11.jpg Graphic file (type jpg)

<use zigbee_11.jpg>
Package pdftex.def Info: zigbee_11.jpg used on input line 159.
(pdftex.def)             Requested size: 175.02847pt x 226.2196pt.
File: zigbee_11.jpg Graphic file (type jpg)
 <use zigbee_11.jpg>
Package pdftex.def Info: zigbee_11.jpg used on input line 174.
(pdftex.def)             Requested size: 175.02847pt x 226.2196pt.

<zigbee_13.jpg, id=775, 349.305pt x 453.94594pt>
File: zigbee_13.jpg Graphic file (type jpg)
 <use zigbee_13.jpg>
Package pdftex.def Info: zigbee_13.jpg used on input line 182.
(pdftex.def)             Requested size: 174.65207pt x 226.97241pt.

<zigbee_16.jpg, id=776, 3276.24pt x 1846.9pt>
File: zigbee_16.jpg Graphic file (type jpg)
 <use zigbee_16.jpg>
Package pdftex.def Info: zigbee_16.jpg used on input line 198.
(pdftex.def)             Requested size: 327.64319pt x 184.70082pt.

<zigbee_14.jpg, id=777, 349.305pt x 453.94594pt>
File: zigbee_14.jpg Graphic file (type jpg)
 <use zigbee_14.jpg>
Package pdftex.def Info: zigbee_14.jpg used on input line 208.
(pdftex.def)             Requested size: 174.65207pt x 226.97241pt.
 [23 <C:/Users/Akhil Jain/Desktop/Project/Kinect Based Module Development/Refer
ence Material/Latex Files/zigbee_8.jpg>] [24 <C:/Users/Akhil Jain/Desktop/Proje
ct/Kinect Based Module Development/Reference Material/Latex Files/zigbee_17.jpg
> <C:/Users/Akhil Jain/Desktop/Project/Kinect Based Module Development/Referenc
e Material/Latex Files/zigbee_11.jpg>] [25 <C:/Users/Akhil Jain/Desktop/Project
/Kinect Based Module Development/Reference Material/Latex Files/zigbee_13.jpg>]
 [26 <C:/Users/Akhil Jain/Desktop/Project/Kinect Based Module Development/Refer
ence Material/Latex Files/zigbee_16.jpg> <C:/Users/Akhil Jain/Desktop/Project/K
inect Based Module Development/Reference Material/Latex Files/zigbee_14.jpg>]) 
[27]
("C:\Users\Akhil Jain\Desktop\Project\Kinect Based Module Development\Reference
 Material\Latex Files\Ch3-Setup.tex" [28


]
Chapter 3.
[29

] <s1.png, id=828, 307.1475pt x 395.97937pt>
File: s1.png Graphic file (type png)
 <use s1.png>
Package pdftex.def Info: s1.png used on input line 150.
(pdftex.def)             Requested size: 184.28992pt x 237.58945pt.

<s2.jpeg, id=829, 1028.34187pt x 578.16pt>
File: s2.jpeg Graphic file (type jpg)
 <use s2.jpeg>
Package pdftex.def Info: s2.jpeg used on input line 159.
(pdftex.def)             Requested size: 514.16968pt x 289.07928pt.

Overfull \hbox (30.47281pt too wide) in paragraph at lines 159--160
 [] 
 []

<s3.jpeg, id=830, 1028.34187pt x 578.16pt>
File: s3.jpeg Graphic file (type jpg)
 <use s3.jpeg>
Package pdftex.def Info: s3.jpeg used on input line 168.
(pdftex.def)             Requested size: 514.16968pt x 289.07928pt.

Overfull \hbox (30.47281pt too wide) in paragraph at lines 168--169
 [] 
 []

<s4.jpeg, id=831, 1028.34187pt x 554.07pt>
File: s4.jpeg Graphic file (type jpg)
 <use s4.jpeg>
Package pdftex.def Info: s4.jpeg used on input line 177.
(pdftex.def)             Requested size: 514.16968pt x 277.03432pt.

Overfull \hbox (30.47281pt too wide) in paragraph at lines 177--178
 [] 
 []

<s5.jpeg, id=832, 1028.34187pt x 578.16pt>
File: s5.jpeg Graphic file (type jpg)
 <use s5.jpeg>
Package pdftex.def Info: s5.jpeg used on input line 186.
(pdftex.def)             Requested size: 514.16968pt x 289.07928pt.

Overfull \hbox (30.47281pt too wide) in paragraph at lines 186--187
 [] 
 []

<s6.jpeg, id=833, 1028.34187pt x 578.16pt>
File: s6.jpeg Graphic file (type jpg)
 <use s6.jpeg>
Package pdftex.def Info: s6.jpeg used on input line 195.
(pdftex.def)             Requested size: 514.16968pt x 289.07928pt.

Overfull \hbox (30.47281pt too wide) in paragraph at lines 195--196
 [] 
 []

<s7.jpeg, id=834, 1028.34187pt x 578.16pt>
File: s7.jpeg Graphic file (type jpg)
 <use s7.jpeg>
Package pdftex.def Info: s7.jpeg used on input line 203.
(pdftex.def)             Requested size: 514.16968pt x 289.07928pt.

Overfull \hbox (30.47281pt too wide) in paragraph at lines 203--204
 [] 
 []

<s8.jpeg, id=835, 1028.34187pt x 578.16pt>
File: s8.jpeg Graphic file (type jpg)
 <use s8.jpeg>
Package pdftex.def Info: s8.jpeg used on input line 212.
(pdftex.def)             Requested size: 514.16968pt x 289.07928pt.

Overfull \hbox (30.47281pt too wide) in paragraph at lines 212--213
 [] 
 []

<s9.jpeg, id=836, 1028.34187pt x 578.16pt>
File: s9.jpeg Graphic file (type jpg)
 <use s9.jpeg>
Package pdftex.def Info: s9.jpeg used on input line 221.
(pdftex.def)             Requested size: 514.16968pt x 289.07928pt.

Overfull \hbox (30.47281pt too wide) in paragraph at lines 221--222
 [] 
 []

<s10.jpeg, id=837, 1028.34187pt x 578.16pt>
File: s10.jpeg Graphic file (type jpg)
 <use s10.jpeg>
Package pdftex.def Info: s10.jpeg used on input line 229.
(pdftex.def)             Requested size: 514.16968pt x 289.07928pt.

Overfull \hbox (30.47281pt too wide) in paragraph at lines 229--230
 [] 
 []

) [30 <C:/Users/Akhil Jain/Desktop/Project/Kinect Based Module Development/Refe
rence Material/Latex Files/s1.png>] [31 <C:/Users/Akhil Jain/Desktop/Project/Ki
nect Based Module Development/Reference Material/Latex Files/s2.jpeg> <C:/Users
/Akhil Jain/Desktop/Project/Kinect Based Module Development/Reference Material/
Latex Files/s3.jpeg>] [32 <C:/Users/Akhil Jain/Desktop/Project/Kinect Based Mod
ule Development/Reference Material/Latex Files/s4.jpeg> <C:/Users/Akhil Jain/De
sktop/Project/Kinect Based Module Development/Reference Material/Latex Files/s5
.jpeg>] [33 <C:/Users/Akhil Jain/Desktop/Project/Kinect Based Module Developmen
t/Reference Material/Latex Files/s6.jpeg> <C:/Users/Akhil Jain/Desktop/Project/
Kinect Based Module Development/Reference Material/Latex Files/s7.jpeg>]
[34 <C:/Users/Akhil Jain/Desktop/Project/Kinect Based Module Development/Refere
nce Material/Latex Files/s8.jpeg> <C:/Users/Akhil Jain/Desktop/Project/Kinect B
ased Module Development/Reference Material/Latex Files/s9.jpeg>] [35 <C:/Users/
Akhil Jain/Desktop/Project/Kinect Based Module Development/Reference Material/L
atex Files/s10.jpeg>]
("C:\Users\Akhil Jain\Desktop\Project\Kinect Based Module Development\Reference
 Material\Latex Files\Ch4-Experiments.tex" [36


]
Chapter 4.
[37

]

Package hyperref Warning: The anchor of a bookmark and its parent's must not
(hyperref)                be the same. Added a new anchor on input line 51.

<e11.png, id=909, 1022.82124pt x 608.2725pt>
File: e11.png Graphic file (type png)
 <use e11.png>
Package pdftex.def Info: e11.png used on input line 89.
(pdftex.def)             Requested size: 511.40936pt x 304.13551pt.

Overfull \hbox (27.7125pt too wide) in paragraph at lines 89--90
[]  
 []

[38] <e12.png, id=918, 1029.8475pt x 616.3025pt>
File: e12.png Graphic file (type png)
 <use e12.png>
Package pdftex.def Info: e12.png used on input line 92.
(pdftex.def)             Requested size: 514.9225pt x 308.1505pt.

Overfull \hbox (31.22563pt too wide) in paragraph at lines 92--94
[][] 
 []

[39 <C:/Users/Akhil Jain/Desktop/Project/Kinect Based Module Development/Refere
nce Material/Latex Files/e11.png> <C:/Users/Akhil Jain/Desktop/Project/Kinect B
ased Module Development/Reference Material/Latex Files/e12.png>]
<e21.png, id=923, 1026.83624pt x 593.21625pt>
File: e21.png Graphic file (type png)
 <use e21.png>
Package pdftex.def Info: e21.png used on input line 138.
(pdftex.def)             Requested size: 513.41687pt x 296.60739pt.

Overfull \hbox (29.72pt too wide) in paragraph at lines 138--139
[]  
 []

[40] <e22.png, id=934, 1032.85875pt x 598.235pt>
File: e22.png Graphic file (type png)
 <use e22.png>
Package pdftex.def Info: e22.png used on input line 141.
(pdftex.def)             Requested size: 516.42812pt x 299.11676pt.

Overfull \hbox (32.73125pt too wide) in paragraph at lines 141--143
[][] 
 []

[41 <C:/Users/Akhil Jain/Desktop/Project/Kinect Based Module Development/Refere
nce Material/Latex Files/e21.png> <C:/Users/Akhil Jain/Desktop/Project/Kinect B
ased Module Development/Reference Material/Latex Files/e22.png>]
<e31.png, id=939, 1026.83624pt x 611.28375pt>
File: e31.png Graphic file (type png)
 <use e31.png>
Package pdftex.def Info: e31.png used on input line 180.
(pdftex.def)             Requested size: 513.41687pt x 305.64113pt.

Overfull \hbox (29.72pt too wide) in paragraph at lines 180--181
[]  
 []

<e32.png, id=940, 1024.82875pt x 613.29124pt>
File: e32.png Graphic file (type png)
 <use e32.png>
Package pdftex.def Info: e32.png used on input line 183.
(pdftex.def)             Requested size: 512.41312pt x 306.64487pt.

Overfull \hbox (28.71625pt too wide) in paragraph at lines 183--185
[][] 
 []

[42 <C:/Users/Akhil Jain/Desktop/Project/Kinect Based Module Development/Refere
nce Material/Latex Files/e31.png>] [43 <C:/Users/Akhil Jain/Desktop/Project/Kin
ect Based Module Development/Reference Material/Latex Files/e32.png>]
<e41.png, id=953, 1033.8625pt x 577.15625pt>
File: e41.png Graphic file (type png)
 <use e41.png>
Package pdftex.def Info: e41.png used on input line 221.
(pdftex.def)             Requested size: 516.93pt x 288.57741pt.

Overfull \hbox (33.23312pt too wide) in paragraph at lines 221--222
[]  
 []

<e42.png, id=954, 1029.8475pt x 582.175pt>
File: e42.png Graphic file (type png)
 <use e42.png>
Package pdftex.def Info: e42.png used on input line 224.
(pdftex.def)             Requested size: 514.9225pt x 291.08679pt.

Overfull \hbox (31.22563pt too wide) in paragraph at lines 224--225
[][]  
 []

[44 <C:/Users/Akhil Jain/Desktop/Project/Kinect Based Module Development/Refere
nce Material/Latex Files/e41.png>] [45 <C:/Users/Akhil Jain/Desktop/Project/Kin
ect Based Module Development/Reference Material/Latex Files/e42.png>]
<e51.png, id=967, 1031.855pt x 612.2875pt>
File: e51.png Graphic file (type png)
 <use e51.png>
Package pdftex.def Info: e51.png used on input line 270.
(pdftex.def)             Requested size: 412.73468pt x 244.91066pt.
 [46]
<e52.png, id=978, 1030.85126pt x 616.3025pt>
File: e52.png Graphic file (type png)
 <use e52.png>
Package pdftex.def Info: e52.png used on input line 273.
(pdftex.def)             Requested size: 412.33319pt x 246.51663pt.
 [47 <C:/Users/Akhil Jain/Desktop/Project/Kinect Based Module Development/Refer
ence Material/Latex Files/e51.png> <C:/Users/Akhil Jain/Desktop/Project/Kinect 
Based Module Development/Reference Material/Latex Files/e52.png>]
<e61.png, id=983, 1027.84pt x 609.27625pt>
File: e61.png Graphic file (type png)
 <use e61.png>
Package pdftex.def Info: e61.png used on input line 319.
(pdftex.def)             Requested size: 411.12872pt x 243.70618pt.
 [48]
<e62.png, id=995, 1032.85875pt x 612.2875pt>
File: e62.png Graphic file (type png)
 <use e62.png>
Package pdftex.def Info: e62.png used on input line 322.
(pdftex.def)             Requested size: 413.13618pt x 244.91066pt.
 [49 <C:/Users/Akhil Jain/Desktop/Project/Kinect Based Module Development/Refer
ence Material/Latex Files/e61.png> <C:/Users/Akhil Jain/Desktop/Project/Kinect 
Based Module Development/Reference Material/Latex Files/e62.png>]
<e71.png, id=1000, 1032.85875pt x 613.29124pt>
File: e71.png Graphic file (type png)
 <use e71.png>
Package pdftex.def Info: e71.png used on input line 367.
(pdftex.def)             Requested size: 516.42812pt x 306.64487pt.

Overfull \hbox (32.73125pt too wide) in paragraph at lines 367--368
[]  
 []

[50] <e72.png, id=1010, 1030.85126pt x 610.28pt>
File: e72.png Graphic file (type png)
 <use e72.png>
Package pdftex.def Info: e72.png used on input line 370.
(pdftex.def)             Requested size: 515.42436pt x 305.13925pt.

Overfull \hbox (31.7275pt too wide) in paragraph at lines 370--372
[][] 
 []

[51 <C:/Users/Akhil Jain/Desktop/Project/Kinect Based Module Development/Refere
nce Material/Latex Files/e71.png> <C:/Users/Akhil Jain/Desktop/Project/Kinect B
ased Module Development/Reference Material/Latex Files/e72.png>]
<e81.png, id=1015, 1025.8325pt x 608.2725pt>
File: e81.png Graphic file (type png)
 <use e81.png>
Package pdftex.def Info: e81.png used on input line 413.
(pdftex.def)             Requested size: 512.91501pt x 304.13551pt.

Overfull \hbox (29.21814pt too wide) in paragraph at lines 413--414
[]  
 []

[52] <e82.png, id=1026, 1033.8625pt x 616.3025pt>
File: e82.png Graphic file (type png)
 <use e82.png>
Package pdftex.def Info: e82.png used on input line 416.
(pdftex.def)             Requested size: 516.93pt x 308.1505pt.

Overfull \hbox (33.23312pt too wide) in paragraph at lines 416--417
[][]  
 []

[53 <C:/Users/Akhil Jain/Desktop/Project/Kinect Based Module Development/Refere
nce Material/Latex Files/e81.png> <C:/Users/Akhil Jain/Desktop/Project/Kinect B
ased Module Development/Reference Material/Latex Files/e82.png>]
<e91.png, id=1031, 1030.85126pt x 612.2875pt>
File: e91.png Graphic file (type png)
 <use e91.png>
Package pdftex.def Info: e91.png used on input line 481.
(pdftex.def)             Requested size: 515.42436pt x 306.143pt.

Overfull \hbox (31.7275pt too wide) in paragraph at lines 481--482
[]  
 []

[54] <e92.png, id=1044, 1027.84pt x 610.28pt>
File: e92.png Graphic file (type png)
 <use e92.png>
Package pdftex.def Info: e92.png used on input line 484.
(pdftex.def)             Requested size: 513.91875pt x 305.13925pt.

Overfull \hbox (30.22188pt too wide) in paragraph at lines 484--486
[][] 
 []

[55 <C:/Users/Akhil Jain/Desktop/Project/Kinect Based Module Development/Refere
nce Material/Latex Files/e91.png> <C:/Users/Akhil Jain/Desktop/Project/Kinect B
ased Module Development/Reference Material/Latex Files/e92.png>]
<e101.png, id=1049, 1033.8625pt x 616.3025pt>
File: e101.png Graphic file (type png)
 <use e101.png>
Package pdftex.def Info: e101.png used on input line 545.
(pdftex.def)             Requested size: 516.93pt x 308.1505pt.

Overfull \hbox (33.23312pt too wide) in paragraph at lines 545--546
[]  
 []

[56] <e102.png, id=1062, 1024.82875pt x 610.28pt>
File: e102.png Graphic file (type png)
 <use e102.png>
Package pdftex.def Info: e102.png used on input line 548.
(pdftex.def)             Requested size: 512.41312pt x 305.13925pt.

Overfull \hbox (28.71625pt too wide) in paragraph at lines 548--550
[][] 
 []

[57 <C:/Users/Akhil Jain/Desktop/Project/Kinect Based Module Development/Refere
nce Material/Latex Files/e101.png> <C:/Users/Akhil Jain/Desktop/Project/Kinect 
Based Module Development/Reference Material/Latex Files/e102.png>]
<e111.png, id=1067, 1030.85126pt x 615.29875pt>
File: e111.png Graphic file (type png)
 <use e111.png>
Package pdftex.def Info: e111.png used on input line 584.
(pdftex.def)             Requested size: 515.42436pt x 307.64862pt.

Overfull \hbox (31.7275pt too wide) in paragraph at lines 584--585
[]  
 []

<e112.png, id=1068, 1031.855pt x 616.3025pt>
File: e112.png Graphic file (type png)
 <use e112.png>
Package pdftex.def Info: e112.png used on input line 587.
(pdftex.def)             Requested size: 515.92624pt x 308.1505pt.

Overfull \hbox (32.22937pt too wide) in paragraph at lines 587--588
[][]  
 []

[58 <C:/Users/Akhil Jain/Desktop/Project/Kinect Based Module Development/Refere
nce Material/Latex Files/e111.png>] [59 <C:/Users/Akhil Jain/Desktop/Project/Ki
nect Based Module Development/Reference Material/Latex Files/e112.png>]
[60] <e121.png, id=1085, 1028.84375pt x 613.29124pt>
File: e121.png Graphic file (type png)
 <use e121.png>
Package pdftex.def Info: e121.png used on input line 659.
(pdftex.def)             Requested size: 514.42062pt x 306.64487pt.

Overfull \hbox (30.72375pt too wide) in paragraph at lines 659--660
[]  
 []

[61] <e122.png, id=1094, 1026.83624pt x 607.26875pt>
File: e122.png Graphic file (type png)
 <use e122.png>
Package pdftex.def Info: e122.png used on input line 662.
(pdftex.def)             Requested size: 513.41687pt x 303.63364pt.

Overfull \hbox (29.72pt too wide) in paragraph at lines 662--664
[][] 
 []

[62 <C:/Users/Akhil Jain/Desktop/Project/Kinect Based Module Development/Refere
nce Material/Latex Files/e121.png> <C:/Users/Akhil Jain/Desktop/Project/Kinect 
Based Module Development/Reference Material/Latex Files/e122.png>]
<e131.png, id=1099, 1028.84375pt x 612.2875pt>
File: e131.png Graphic file (type png)
 <use e131.png>
Package pdftex.def Info: e131.png used on input line 716.
(pdftex.def)             Requested size: 514.42062pt x 306.143pt.

Overfull \hbox (30.72375pt too wide) in paragraph at lines 716--717
[]  
 []

[63] [64 <C:/Users/Akhil Jain/Desktop/Project/Kinect Based Module Development/R
eference Material/Latex Files/e131.png>]
<e141.png, id=1113, 1031.855pt x 613.29124pt>
File: e141.png Graphic file (type png)
 <use e141.png>
Package pdftex.def Info: e141.png used on input line 759.
(pdftex.def)             Requested size: 515.92624pt x 306.64487pt.

Overfull \hbox (32.22937pt too wide) in paragraph at lines 759--760
[]  
 []

<e142.png, id=1114, 1028.84375pt x 612.2875pt>
File: e142.png Graphic file (type png)
 <use e142.png>
Package pdftex.def Info: e142.png used on input line 762.
(pdftex.def)             Requested size: 514.42062pt x 306.143pt.

Overfull \hbox (30.72375pt too wide) in paragraph at lines 762--764
[][] 
 []

[65 <C:/Users/Akhil Jain/Desktop/Project/Kinect Based Module Development/Refere
nce Material/Latex Files/e141.png>]) [66 <C:/Users/Akhil Jain/Desktop/Project/K
inect Based Module Development/Reference Material/Latex Files/e142.png>]
("C:\Users\Akhil Jain\Desktop\Project\Kinect Based Module Development\Reference
 Material\Latex Files\References.tex"
Underfull \hbox (badness 10000) in paragraph at lines 11--12
[][][]$\OT1/cmtt/m/n/10 http : / / social . msdn . microsoft . com / Forums / e
n-[]US / 3f73ac86-[]9793-[]4586-[]9eb3-[]3cf2aa55fc77 /$
 []

) [67



]
Package atveryend Info: Empty hook `BeforeClearDocument' on input line 40.
Package atveryend Info: Empty hook `AfterLastShipout' on input line 40.

("C:\Users\Akhil Jain\Desktop\Project\Kinect Based Module Development\Reference
 Material\Latex Files\Manual.aux"
("C:\Users\Akhil Jain\Desktop\Project\Kinect Based Module Development\Reference
 Material\Latex Files\Ch1-Installation.aux")
("C:\Users\Akhil Jain\Desktop\Project\Kinect Based Module Development\Reference
 Material\Latex Files\Ch2-zigbee.aux")
("C:\Users\Akhil Jain\Desktop\Project\Kinect Based Module Development\Reference
 Material\Latex Files\Ch3-Setup.aux")
("C:\Users\Akhil Jain\Desktop\Project\Kinect Based Module Development\Reference
 Material\Latex Files\Ch4-Experiments.aux")
("C:\Users\Akhil Jain\Desktop\Project\Kinect Based Module Development\Reference
 Material\Latex Files\References.aux"))
Package atveryend Info: Executing hook `AtVeryEndDocument' on input line 40.
Package atveryend Info: Executing hook `AtEndAfterFileList' on input line 40.
Package rerunfilecheck Info: File `Manual.out' has not changed.
(rerunfilecheck)             Checksum: 8310100EDBF2CE786A42F94DF139247D;8836.
Package atveryend Info: Empty hook `AtVeryVeryEnd' on input line 40.
 ) 
Here is how much of TeX's memory you used:
 6346 strings out of 493921
 98707 string characters out of 3132431
 183310 words of memory out of 3000000
 9196 multiletter control sequences out of 15000+200000
 9582 words of font info for 34 fonts, out of 3000000 for 9000
 841 hyphenation exceptions out of 8191
 29i,7n,30p,769b,446s stack positions out of 5000i,500n,10000p,200000b,50000s
<C:/Users/Akhil Jain/Desktop/Technical/E-yantra/Latex - Installed/fonts/type1
/public/amsfonts/cm/cmbx10.pfb><C:/Users/Akhil Jain/Desktop/Technical/E-yantra/
Latex - Installed/fonts/type1/public/amsfonts/cm/cmbx12.pfb><C:/Users/Akhil Jai
n/Desktop/Technical/E-yantra/Latex - Installed/fonts/type1/public/amsfonts/cm/c
mr10.pfb><C:/Users/Akhil Jain/Desktop/Technical/E-yantra/Latex - Installed/font
s/type1/public/amsfonts/cm/cmr12.pfb><C:/Users/Akhil Jain/Desktop/Technical/E-y
antra/Latex - Installed/fonts/type1/public/amsfonts/cm/cmsy10.pfb><C:/Users/Akh
il Jain/Desktop/Technical/E-yantra/Latex - Installed/fonts/type1/public/amsfont
s/cm/cmtt10.pfb>
Output written on Manual.pdf (68 pages, 23701475 bytes).
PDF statistics:
 1233 PDF objects out of 1440 (max. 8388607)
 310 named destinations out of 1000 (max. 500000)
 1290 words of extra memory for PDF output out of 10000 (max. 10000000)

