This is pdfTeX, Version 3.1415926-2.4-1.40.13 (MiKTeX 2.9 64-bit) (preloaded format=pdflatex 2014.6.3)  23 JUN 2014 16:46
entering extended mode
**E13_Depth_Tracking_with_firebird_linux.tex

("C:\Users\Akhil Jain\Desktop\Technical\E-yantra\Latex Codes\Presentation\E13_D
epth_Tracking_with_firebird_linux.tex"
LaTeX2e <2011/06/27>
Babel <v3.8m> and hyphenation patterns for english, afrikaans, ancientgreek, ar
abic, armenian, assamese, basque, bengali, bokmal, bulgarian, catalan, coptic, 
croatian, czech, danish, dutch, esperanto, estonian, farsi, finnish, french, ga
lician, german, german-x-2012-05-30, greek, gujarati, hindi, hungarian, iceland
ic, indonesian, interlingua, irish, italian, kannada, kurmanji, latin, latvian,
 lithuanian, malayalam, marathi, mongolian, mongolianlmc, monogreek, ngerman, n
german-x-2012-05-30, nynorsk, oriya, panjabi, pinyin, polish, portuguese, roman
ian, russian, sanskrit, serbian, slovak, slovenian, spanish, swedish, swissgerm
an, tamil, telugu, turkish, turkmen, ukenglish, ukrainian, uppersorbian, usengl
ishmax, welsh, loaded.

("C:\Users\Akhil Jain\Desktop\Technical\E-yantra\Latex - Installed\tex\latex\be
amer\base\beamer.cls"
("C:\Users\Akhil Jain\Desktop\Technical\E-yantra\Latex - Installed\tex\latex\be
amer\base\beamerbasercs.sty"
Package: beamerbasercs 2013/12/25 (rcs-revision 31cc758a62ae)
)
Document Class: beamer 2013/12/02 3.33 A class for typesetting presentations (r
cs-revision 332bfd3ce558)

("C:\Users\Akhil Jain\Desktop\Technical\E-yantra\Latex - Installed\tex\latex\be
amer\base\beamerbasemodes.sty"
Package: beamerbasemodes 2013/09/03 (rcs-revision 768f2d98ca64)
\beamer@tempbox=\box26
\beamer@tempcount=\count79
\c@beamerpauses=\count80

("C:\Users\Akhil Jain\Desktop\Technical\E-yantra\Latex - Installed\tex\latex\be
amer\base\beamerbasedecode.sty"
Package: beamerbasedecode 2010/05/01 (rcs-revision efa082c6111d)
\beamer@slideinframe=\count81
\beamer@minimum=\count82
)
\beamer@commentbox=\box27
\beamer@modecount=\count83
)
("C:\Users\Akhil Jain\Desktop\Technical\E-yantra\Latex - Installed\tex\generic\
oberdiek\ifpdf.sty"
Package: ifpdf 2011/01/30 v2.3 Provides the ifpdf switch (HO)
Package ifpdf Info: pdfTeX in PDF mode is detected.
)
\headheight=\dimen102
\headdp=\dimen103
\footheight=\dimen104
\sidebarheight=\dimen105
\beamer@tempdim=\dimen106
\beamer@finalheight=\dimen107
\beamer@animht=\dimen108
\beamer@animdp=\dimen109
\beamer@animwd=\dimen110
\beamer@leftmargin=\dimen111
\beamer@rightmargin=\dimen112
\beamer@leftsidebar=\dimen113
\beamer@rightsidebar=\dimen114
\beamer@boxsize=\dimen115
\beamer@vboxoffset=\dimen116
\beamer@descdefault=\dimen117
\beamer@descriptionwidth=\dimen118
\beamer@lastskip=\skip41
\beamer@areabox=\box28
\beamer@animcurrent=\box29
\beamer@animshowbox=\box30
\beamer@sectionbox=\box31
\beamer@logobox=\box32
\beamer@linebox=\box33
\beamer@sectioncount=\count84
\beamer@subsubsectionmax=\count85
\beamer@subsectionmax=\count86
\beamer@sectionmax=\count87
\beamer@totalheads=\count88
\beamer@headcounter=\count89
\beamer@partstartpage=\count90
\beamer@sectionstartpage=\count91
\beamer@subsectionstartpage=\count92
\beamer@animationtempa=\count93
\beamer@animationtempb=\count94
\beamer@xpos=\count95
\beamer@ypos=\count96
\beamer@showpartnumber=\count97
\beamer@currentsubsection=\count98
\beamer@coveringdepth=\count99
\beamer@sectionadjust=\count100
\beamer@tocsectionnumber=\count101

("C:\Users\Akhil Jain\Desktop\Technical\E-yantra\Latex - Installed\tex\latex\be
amer\base\beamerbaseoptions.sty"
Package: beamerbaseoptions 2013/03/10 (rcs-revision 47431932db0d)

("C:\Users\Akhil Jain\Desktop\Technical\E-yantra\Latex - Installed\tex\latex\gr
aphics\keyval.sty"
Package: keyval 1999/03/16 v1.13 key=value parser (DPC)
\KV@toks@=\toks14
))
\beamer@paperwidth=\skip42
\beamer@paperheight=\skip43

("C:\Users\Akhil Jain\Desktop\Technical\E-yantra\Latex - Installed\tex\latex\ge
ometry\geometry.sty"
Package: geometry 2010/09/12 v5.6 Page Geometry

("C:\Users\Akhil Jain\Desktop\Technical\E-yantra\Latex - Installed\tex\generic\
oberdiek\ifvtex.sty"
Package: ifvtex 2010/03/01 v1.5 Detect VTeX and its facilities (HO)
Package ifvtex Info: VTeX not detected.
)
("C:\Users\Akhil Jain\Desktop\Technical\E-yantra\Latex - Installed\tex\generic\
ifxetex\ifxetex.sty"
Package: ifxetex 2010/09/12 v0.6 Provides ifxetex conditional
)
\Gm@cnth=\count102
\Gm@cntv=\count103
\c@Gm@tempcnt=\count104
\Gm@bindingoffset=\dimen119
\Gm@wd@mp=\dimen120
\Gm@odd@mp=\dimen121
\Gm@even@mp=\dimen122
\Gm@layoutwidth=\dimen123
\Gm@layoutheight=\dimen124
\Gm@layouthoffset=\dimen125
\Gm@layoutvoffset=\dimen126
\Gm@dimlist=\toks15

("C:\Users\Akhil Jain\Desktop\Technical\E-yantra\Latex - Installed\tex\latex\ge
ometry\geometry.cfg"))

Class beamer Warning: ``red'' is obsolete. Use color theme structure instead on
 input line 348.


("C:\Users\Akhil Jain\Desktop\Technical\E-yantra\Latex - Installed\tex\latex\ba
se\size10.clo"
File: size10.clo 2007/10/19 v1.4h Standard LaTeX file (size option)
)
("C:\Users\Akhil Jain\Desktop\Technical\E-yantra\Latex - Installed\tex\latex\pg
f\basiclayer\pgfcore.sty"
("C:\Users\Akhil Jain\Desktop\Technical\E-yantra\Latex - Installed\tex\latex\gr
aphics\graphicx.sty"
Package: graphicx 1999/02/16 v1.0f Enhanced LaTeX Graphics (DPC,SPQR)

("C:\Users\Akhil Jain\Desktop\Technical\E-yantra\Latex - Installed\tex\latex\gr
aphics\graphics.sty"
Package: graphics 2009/02/05 v1.0o Standard LaTeX Graphics (DPC,SPQR)

("C:\Users\Akhil Jain\Desktop\Technical\E-yantra\Latex - Installed\tex\latex\gr
aphics\trig.sty"
Package: trig 1999/03/16 v1.09 sin cos tan (DPC)
)
("C:\Users\Akhil Jain\Desktop\Technical\E-yantra\Latex - Installed\tex\latex\00
miktex\graphics.cfg"
File: graphics.cfg 2007/01/18 v1.5 graphics configuration of teTeX/TeXLive
)
Package graphics Info: Driver file: pdftex.def on input line 91.

("C:\Users\Akhil Jain\Desktop\Technical\E-yantra\Latex - Installed\tex\latex\pd
ftex-def\pdftex.def"
File: pdftex.def 2011/05/27 v0.06d Graphics/color for pdfTeX

("C:\Users\Akhil Jain\Desktop\Technical\E-yantra\Latex - Installed\tex\generic\
oberdiek\infwarerr.sty"
Package: infwarerr 2010/04/08 v1.3 Providing info/warning/error messages (HO)
)
("C:\Users\Akhil Jain\Desktop\Technical\E-yantra\Latex - Installed\tex\generic\
oberdiek\ltxcmds.sty"
Package: ltxcmds 2011/11/09 v1.22 LaTeX kernel commands for general use (HO)
)
\Gread@gobject=\count105
))
\Gin@req@height=\dimen127
\Gin@req@width=\dimen128
)
("C:\Users\Akhil Jain\Desktop\Technical\E-yantra\Latex - Installed\tex\latex\pg
f\systemlayer\pgfsys.sty"
("C:\Users\Akhil Jain\Desktop\Technical\E-yantra\Latex - Installed\tex\latex\pg
f\utilities\pgfrcs.sty"
("C:\Users\Akhil Jain\Desktop\Technical\E-yantra\Latex - Installed\tex\generic\
pgf\utilities\pgfutil-common.tex"
\pgfutil@everybye=\toks16
\pgfutil@tempdima=\dimen129
\pgfutil@tempdimb=\dimen130

("C:\Users\Akhil Jain\Desktop\Technical\E-yantra\Latex - Installed\tex\generic\
pgf\utilities\pgfutil-common-lists.tex"))
("C:\Users\Akhil Jain\Desktop\Technical\E-yantra\Latex - Installed\tex\generic\
pgf\utilities\pgfutil-latex.def"
\pgfutil@abb=\box34

("C:\Users\Akhil Jain\Desktop\Technical\E-yantra\Latex - Installed\tex\latex\ms
\everyshi.sty"
Package: everyshi 2001/05/15 v3.00 EveryShipout Package (MS)
))
("C:\Users\Akhil Jain\Desktop\Technical\E-yantra\Latex - Installed\tex\generic\
pgf\utilities\pgfrcs.code.tex"
Package: pgfrcs 2013/12/20 v3.0.0 (rcs-revision 1.28)
))
("C:\Users\Akhil Jain\Desktop\Technical\E-yantra\Latex - Installed\tex\generic\
pgf\systemlayer\pgfsys.code.tex"
Package: pgfsys 2013/11/30 v3.0.0 (rcs-revision 1.47)

("C:\Users\Akhil Jain\Desktop\Technical\E-yantra\Latex - Installed\tex\generic\
pgf\utilities\pgfkeys.code.tex"
\pgfkeys@pathtoks=\toks17
\pgfkeys@temptoks=\toks18

("C:\Users\Akhil Jain\Desktop\Technical\E-yantra\Latex - Installed\tex\generic\
pgf\utilities\pgfkeysfiltered.code.tex"
\pgfkeys@tmptoks=\toks19
))
\pgf@x=\dimen131
\pgf@y=\dimen132
\pgf@xa=\dimen133
\pgf@ya=\dimen134
\pgf@xb=\dimen135
\pgf@yb=\dimen136
\pgf@xc=\dimen137
\pgf@yc=\dimen138
\w@pgf@writea=\write3
\r@pgf@reada=\read1
\c@pgf@counta=\count106
\c@pgf@countb=\count107
\c@pgf@countc=\count108
\c@pgf@countd=\count109
\t@pgf@toka=\toks20
\t@pgf@tokb=\toks21
\t@pgf@tokc=\toks22

("C:\Users\Akhil Jain\Desktop\Technical\E-yantra\Latex - Installed\tex\generic\
pgf\systemlayer\pgf.cfg"
File: pgf.cfg 2008/05/14  (rcs-revision 1.7)
)
Driver file for pgf: pgfsys-pdftex.def

("C:\Users\Akhil Jain\Desktop\Technical\E-yantra\Latex - Installed\tex\generic\
pgf\systemlayer\pgfsys-pdftex.def"
File: pgfsys-pdftex.def 2013/07/18  (rcs-revision 1.33)

("C:\Users\Akhil Jain\Desktop\Technical\E-yantra\Latex - Installed\tex\generic\
pgf\systemlayer\pgfsys-common-pdf.def"
File: pgfsys-common-pdf.def 2013/10/10  (rcs-revision 1.13)
)))
("C:\Users\Akhil Jain\Desktop\Technical\E-yantra\Latex - Installed\tex\generic\
pgf\systemlayer\pgfsyssoftpath.code.tex"
File: pgfsyssoftpath.code.tex 2013/09/09  (rcs-revision 1.9)
\pgfsyssoftpath@smallbuffer@items=\count110
\pgfsyssoftpath@bigbuffer@items=\count111
)
("C:\Users\Akhil Jain\Desktop\Technical\E-yantra\Latex - Installed\tex\generic\
pgf\systemlayer\pgfsysprotocol.code.tex"
File: pgfsysprotocol.code.tex 2006/10/16  (rcs-revision 1.4)
))
("C:\Users\Akhil Jain\Desktop\Technical\E-yantra\Latex - Installed\tex\latex\xc
olor\xcolor.sty"
Package: xcolor 2007/01/21 v2.11 LaTeX color extensions (UK)

("C:\Users\Akhil Jain\Desktop\Technical\E-yantra\Latex - Installed\tex\latex\00
miktex\color.cfg"
File: color.cfg 2007/01/18 v1.5 color configuration of teTeX/TeXLive
)
Package xcolor Info: Driver file: pdftex.def on input line 225.

("C:\Users\Akhil Jain\Desktop\Technical\E-yantra\Latex - Installed\tex\latex\co
lortbl\colortbl.sty"
Package: colortbl 2012/02/13 v1.0a Color table columns (DPC)

("C:\Users\Akhil Jain\Desktop\Technical\E-yantra\Latex - Installed\tex\latex\to
ols\array.sty"
Package: array 2008/09/09 v2.4c Tabular extension package (FMi)
\col@sep=\dimen139
\extrarowheight=\dimen140
\NC@list=\toks23
\extratabsurround=\skip44
\backup@length=\skip45
)
\everycr=\toks24
\minrowclearance=\skip46
)
\rownum=\count112
Package xcolor Info: Model `cmy' substituted by `cmy0' on input line 1337.
Package xcolor Info: Model `hsb' substituted by `rgb' on input line 1341.
Package xcolor Info: Model `RGB' extended on input line 1353.
Package xcolor Info: Model `HTML' substituted by `rgb' on input line 1355.
Package xcolor Info: Model `Hsb' substituted by `hsb' on input line 1356.
Package xcolor Info: Model `tHsb' substituted by `hsb' on input line 1357.
Package xcolor Info: Model `HSB' substituted by `hsb' on input line 1358.
Package xcolor Info: Model `Gray' substituted by `gray' on input line 1359.
Package xcolor Info: Model `wave' substituted by `hsb' on input line 1360.
)
("C:\Users\Akhil Jain\Desktop\Technical\E-yantra\Latex - Installed\tex\generic\
pgf\basiclayer\pgfcore.code.tex"
Package: pgfcore 2010/04/11 v3.0.0 (rcs-revision 1.7)

("C:\Users\Akhil Jain\Desktop\Technical\E-yantra\Latex - Installed\tex\generic\
pgf\math\pgfmath.code.tex"
("C:\Users\Akhil Jain\Desktop\Technical\E-yantra\Latex - Installed\tex\generic\
pgf\math\pgfmathcalc.code.tex"
("C:\Users\Akhil Jain\Desktop\Technical\E-yantra\Latex - Installed\tex\generic\
pgf\math\pgfmathutil.code.tex")
("C:\Users\Akhil Jain\Desktop\Technical\E-yantra\Latex - Installed\tex\generic\
pgf\math\pgfmathparser.code.tex"
\pgfmath@dimen=\dimen141
\pgfmath@count=\count113
\pgfmath@box=\box35
\pgfmath@toks=\toks25
\pgfmath@stack@operand=\toks26
\pgfmath@stack@operation=\toks27
)
("C:\Users\Akhil Jain\Desktop\Technical\E-yantra\Latex - Installed\tex\generic\
pgf\math\pgfmathfunctions.code.tex"
("C:\Users\Akhil Jain\Desktop\Technical\E-yantra\Latex - Installed\tex\generic\
pgf\math\pgfmathfunctions.basic.code.tex")
("C:\Users\Akhil Jain\Desktop\Technical\E-yantra\Latex - Installed\tex\generic\
pgf\math\pgfmathfunctions.trigonometric.code.tex")
("C:\Users\Akhil Jain\Desktop\Technical\E-yantra\Latex - Installed\tex\generic\
pgf\math\pgfmathfunctions.random.code.tex")
("C:\Users\Akhil Jain\Desktop\Technical\E-yantra\Latex - Installed\tex\generic\
pgf\math\pgfmathfunctions.comparison.code.tex")
("C:\Users\Akhil Jain\Desktop\Technical\E-yantra\Latex - Installed\tex\generic\
pgf\math\pgfmathfunctions.base.code.tex")
("C:\Users\Akhil Jain\Desktop\Technical\E-yantra\Latex - Installed\tex\generic\
pgf\math\pgfmathfunctions.round.code.tex")
("C:\Users\Akhil Jain\Desktop\Technical\E-yantra\Latex - Installed\tex\generic\
pgf\math\pgfmathfunctions.misc.code.tex")
("C:\Users\Akhil Jain\Desktop\Technical\E-yantra\Latex - Installed\tex\generic\
pgf\math\pgfmathfunctions.integerarithmetics.code.tex")))
("C:\Users\Akhil Jain\Desktop\Technical\E-yantra\Latex - Installed\tex\generic\
pgf\math\pgfmathfloat.code.tex"
\c@pgfmathroundto@lastzeros=\count114
))
("C:\Users\Akhil Jain\Desktop\Technical\E-yantra\Latex - Installed\tex\generic\
pgf\basiclayer\pgfcorepoints.code.tex"
File: pgfcorepoints.code.tex 2013/10/07  (rcs-revision 1.27)
\pgf@picminx=\dimen142
\pgf@picmaxx=\dimen143
\pgf@picminy=\dimen144
\pgf@picmaxy=\dimen145
\pgf@pathminx=\dimen146
\pgf@pathmaxx=\dimen147
\pgf@pathminy=\dimen148
\pgf@pathmaxy=\dimen149
\pgf@xx=\dimen150
\pgf@xy=\dimen151
\pgf@yx=\dimen152
\pgf@yy=\dimen153
\pgf@zx=\dimen154
\pgf@zy=\dimen155
)
("C:\Users\Akhil Jain\Desktop\Technical\E-yantra\Latex - Installed\tex\generic\
pgf\basiclayer\pgfcorepathconstruct.code.tex"
File: pgfcorepathconstruct.code.tex 2013/10/07  (rcs-revision 1.29)
\pgf@path@lastx=\dimen156
\pgf@path@lasty=\dimen157
)
("C:\Users\Akhil Jain\Desktop\Technical\E-yantra\Latex - Installed\tex\generic\
pgf\basiclayer\pgfcorepathusage.code.tex"
File: pgfcorepathusage.code.tex 2013/12/13  (rcs-revision 1.23)
\pgf@shorten@end@additional=\dimen158
\pgf@shorten@start@additional=\dimen159
)
("C:\Users\Akhil Jain\Desktop\Technical\E-yantra\Latex - Installed\tex\generic\
pgf\basiclayer\pgfcorescopes.code.tex"
File: pgfcorescopes.code.tex 2013/10/09  (rcs-revision 1.44)
\pgfpic=\box36
\pgf@hbox=\box37
\pgf@layerbox@main=\box38
\pgf@picture@serial@count=\count115
)
("C:\Users\Akhil Jain\Desktop\Technical\E-yantra\Latex - Installed\tex\generic\
pgf\basiclayer\pgfcoregraphicstate.code.tex"
File: pgfcoregraphicstate.code.tex 2013/09/19  (rcs-revision 1.11)
\pgflinewidth=\dimen160
)
("C:\Users\Akhil Jain\Desktop\Technical\E-yantra\Latex - Installed\tex\generic\
pgf\basiclayer\pgfcoretransformations.code.tex"
File: pgfcoretransformations.code.tex 2013/10/10  (rcs-revision 1.17)
\pgf@pt@x=\dimen161
\pgf@pt@y=\dimen162
\pgf@pt@temp=\dimen163
)
("C:\Users\Akhil Jain\Desktop\Technical\E-yantra\Latex - Installed\tex\generic\
pgf\basiclayer\pgfcorequick.code.tex"
File: pgfcorequick.code.tex 2008/10/09  (rcs-revision 1.3)
)
("C:\Users\Akhil Jain\Desktop\Technical\E-yantra\Latex - Installed\tex\generic\
pgf\basiclayer\pgfcoreobjects.code.tex"
File: pgfcoreobjects.code.tex 2006/10/11  (rcs-revision 1.2)
)
("C:\Users\Akhil Jain\Desktop\Technical\E-yantra\Latex - Installed\tex\generic\
pgf\basiclayer\pgfcorepathprocessing.code.tex"
File: pgfcorepathprocessing.code.tex 2013/09/09  (rcs-revision 1.9)
)
("C:\Users\Akhil Jain\Desktop\Technical\E-yantra\Latex - Installed\tex\generic\
pgf\basiclayer\pgfcorearrows.code.tex"
File: pgfcorearrows.code.tex 2013/11/07  (rcs-revision 1.40)
\pgfarrowsep=\dimen164
)
("C:\Users\Akhil Jain\Desktop\Technical\E-yantra\Latex - Installed\tex\generic\
pgf\basiclayer\pgfcoreshade.code.tex"
File: pgfcoreshade.code.tex 2013/07/15  (rcs-revision 1.15)
\pgf@max=\dimen165
\pgf@sys@shading@range@num=\count116
)
("C:\Users\Akhil Jain\Desktop\Technical\E-yantra\Latex - Installed\tex\generic\
pgf\basiclayer\pgfcoreimage.code.tex"
File: pgfcoreimage.code.tex 2013/07/15  (rcs-revision 1.18)

("C:\Users\Akhil Jain\Desktop\Technical\E-yantra\Latex - Installed\tex\generic\
pgf\basiclayer\pgfcoreexternal.code.tex"
File: pgfcoreexternal.code.tex 2013/07/15  (rcs-revision 1.20)
\pgfexternal@startupbox=\box39
))
("C:\Users\Akhil Jain\Desktop\Technical\E-yantra\Latex - Installed\tex\generic\
pgf\basiclayer\pgfcorelayers.code.tex"
File: pgfcorelayers.code.tex 2013/07/18  (rcs-revision 1.7)
)
("C:\Users\Akhil Jain\Desktop\Technical\E-yantra\Latex - Installed\tex\generic\
pgf\basiclayer\pgfcoretransparency.code.tex"
File: pgfcoretransparency.code.tex 2013/09/30  (rcs-revision 1.5)
)
("C:\Users\Akhil Jain\Desktop\Technical\E-yantra\Latex - Installed\tex\generic\
pgf\basiclayer\pgfcorepatterns.code.tex"
File: pgfcorepatterns.code.tex 2013/11/07  (rcs-revision 1.5)
)))
("C:\Users\Akhil Jain\Desktop\Technical\E-yantra\Latex - Installed\tex\latex\pg
f\utilities\xxcolor.sty"
Package: xxcolor 2003/10/24 ver 0.1
\XC@nummixins=\count117
\XC@countmixins=\count118
)
("C:\Users\Akhil Jain\Desktop\Technical\E-yantra\Latex - Installed\tex\generic\
oberdiek\atbegshi.sty"
Package: atbegshi 2011/10/05 v1.16 At begin shipout hook (HO)
)
("C:\Users\Akhil Jain\Desktop\Technical\E-yantra\Latex - Installed\tex\latex\hy
perref\hyperref.sty"
Package: hyperref 2012/11/06 v6.83m Hypertext links for LaTeX

("C:\Users\Akhil Jain\Desktop\Technical\E-yantra\Latex - Installed\tex\generic\
oberdiek\hobsub-hyperref.sty"
Package: hobsub-hyperref 2012/04/25 v1.12 Bundle oberdiek, subset hyperref (HO)


("C:\Users\Akhil Jain\Desktop\Technical\E-yantra\Latex - Installed\tex\generic\
oberdiek\hobsub-generic.sty"
Package: hobsub-generic 2012/04/25 v1.12 Bundle oberdiek, subset generic (HO)
Package: hobsub 2012/04/25 v1.12 Construct package bundles (HO)
Package hobsub Info: Skipping package `infwarerr' (already loaded).
Package hobsub Info: Skipping package `ltxcmds' (already loaded).
Package: ifluatex 2010/03/01 v1.3 Provides the ifluatex switch (HO)
Package ifluatex Info: LuaTeX not detected.
Package hobsub Info: Skipping package `ifvtex' (already loaded).
Package: intcalc 2007/09/27 v1.1 Expandable calculations with integers (HO)
Package hobsub Info: Skipping package `ifpdf' (already loaded).
Package: etexcmds 2011/02/16 v1.5 Avoid name clashes with e-TeX commands (HO)
Package etexcmds Info: Could not find \expanded.
(etexcmds)             That can mean that you are not using pdfTeX 1.50 or
(etexcmds)             that some package has redefined \expanded.
(etexcmds)             In the latter case, load this package earlier.
Package: kvsetkeys 2012/04/25 v1.16 Key value parser (HO)
Package: kvdefinekeys 2011/04/07 v1.3 Define keys (HO)
Package: pdftexcmds 2011/11/29 v0.20 Utility functions of pdfTeX for LuaTeX (HO
)
Package pdftexcmds Info: LuaTeX not detected.
Package pdftexcmds Info: \pdf@primitive is available.
Package pdftexcmds Info: \pdf@ifprimitive is available.
Package pdftexcmds Info: \pdfdraftmode found.
Package: pdfescape 2011/11/25 v1.13 Implements pdfTeX's escape features (HO)
Package: bigintcalc 2012/04/08 v1.3 Expandable calculations on big integers (HO
)
Package: bitset 2011/01/30 v1.1 Handle bit-vector datatype (HO)
Package: uniquecounter 2011/01/30 v1.2 Provide unlimited unique counter (HO)
)
Package hobsub Info: Skipping package `hobsub' (already loaded).
Package: letltxmacro 2010/09/02 v1.4 Let assignment for LaTeX macros (HO)
Package: hopatch 2011/06/24 v1.1 Wrapper for package hooks (HO)
Package: xcolor-patch 2011/01/30 xcolor patch
Package: atveryend 2011/06/30 v1.8 Hooks at the very end of document (HO)
Package atveryend Info: \enddocument detected (standard20110627).
Package hobsub Info: Skipping package `atbegshi' (already loaded).
Package: refcount 2011/10/16 v3.4 Data extraction from label references (HO)
Package: hycolor 2011/01/30 v1.7 Color options for hyperref/bookmark (HO)
)
("C:\Users\Akhil Jain\Desktop\Technical\E-yantra\Latex - Installed\tex\latex\ob
erdiek\auxhook.sty"
Package: auxhook 2011/03/04 v1.3 Hooks for auxiliary files (HO)
)
("C:\Users\Akhil Jain\Desktop\Technical\E-yantra\Latex - Installed\tex\latex\ob
erdiek\kvoptions.sty"
Package: kvoptions 2011/06/30 v3.11 Key value format for package options (HO)
)
\@linkdim=\dimen166
\Hy@linkcounter=\count119
\Hy@pagecounter=\count120

("C:\Users\Akhil Jain\Desktop\Technical\E-yantra\Latex - Installed\tex\latex\hy
perref\pd1enc.def"
File: pd1enc.def 2012/11/06 v6.83m Hyperref: PDFDocEncoding definition (HO)
)
\Hy@SavedSpaceFactor=\count121

("C:\Users\Akhil Jain\Desktop\Technical\E-yantra\Latex - Installed\tex\latex\00
miktex\hyperref.cfg"
File: hyperref.cfg 2002/06/06 v1.2 hyperref configuration of TeXLive
)
Package hyperref Info: Option `bookmarks' set `true' on input line 4319.
Package hyperref Info: Option `bookmarksopen' set `true' on input line 4319.
Package hyperref Info: Option `implicit' set `false' on input line 4319.
Package hyperref Info: Hyper figures OFF on input line 4443.
Package hyperref Info: Link nesting OFF on input line 4448.
Package hyperref Info: Hyper index ON on input line 4451.
Package hyperref Info: Plain pages OFF on input line 4458.
Package hyperref Info: Backreferencing OFF on input line 4463.
Package hyperref Info: Implicit mode OFF; no redefinition of LaTeX internals.
Package hyperref Info: Bookmarks ON on input line 4688.
\c@Hy@tempcnt=\count122

("C:\Users\Akhil Jain\Desktop\Technical\E-yantra\Latex - Installed\tex\latex\lt
xmisc\url.sty"
\Urlmuskip=\muskip10
Package: url 2006/04/12  ver 3.3  Verb mode for urls, etc.
)
LaTeX Info: Redefining \url on input line 5041.
\XeTeXLinkMargin=\dimen167
\Fld@menulength=\count123
\Field@Width=\dimen168
\Fld@charsize=\dimen169
Package hyperref Info: Hyper figures OFF on input line 6295.
Package hyperref Info: Link nesting OFF on input line 6300.
Package hyperref Info: Hyper index ON on input line 6303.
Package hyperref Info: backreferencing OFF on input line 6310.
Package hyperref Info: Link coloring OFF on input line 6315.
Package hyperref Info: Link coloring with OCG OFF on input line 6320.
Package hyperref Info: PDF/A mode OFF on input line 6325.
LaTeX Info: Redefining \ref on input line 6365.
LaTeX Info: Redefining \pageref on input line 6369.
\Hy@abspage=\count124


Package hyperref Message: Stopped early.

)

Package hyperref Message: Driver (autodetected): hpdftex.


("C:\Users\Akhil Jain\Desktop\Technical\E-yantra\Latex - Installed\tex\latex\hy
perref\hpdftex.def"
File: hpdftex.def 2012/11/06 v6.83m Hyperref driver for pdfTeX
\Fld@listcount=\count125
\c@bookmark@seq@number=\count126

("C:\Users\Akhil Jain\Desktop\Technical\E-yantra\Latex - Installed\tex\latex\ob
erdiek\rerunfilecheck.sty"
Package: rerunfilecheck 2011/04/15 v1.7 Rerun checks for auxiliary files (HO)
Package uniquecounter Info: New unique counter `rerunfilecheck' on input line 2
82.
))
("C:\Users\Akhil Jain\Desktop\Technical\E-yantra\Latex - Installed\tex\latex\be
amer\base\beamerbaserequires.sty"
Package: beamerbaserequires 2010/05/01  (rcs-revision efa082c6111d)

("C:\Users\Akhil Jain\Desktop\Technical\E-yantra\Latex - Installed\tex\latex\be
amer\base\beamerbasecompatibility.sty"
Package: beamerbasecompatibility 2012/05/01  (rcs-revision 67c48b3b652d)
)
("C:\Users\Akhil Jain\Desktop\Technical\E-yantra\Latex - Installed\tex\latex\be
amer\base\beamerbasefont.sty"
Package: beamerbasefont 2013/10/18  (rcs-revision 72f39e01808a)

("C:\Users\Akhil Jain\Desktop\Technical\E-yantra\Latex - Installed\tex\latex\am
sfonts\amssymb.sty"
Package: amssymb 2013/01/14 v3.01 AMS font symbols

("C:\Users\Akhil Jain\Desktop\Technical\E-yantra\Latex - Installed\tex\latex\am
sfonts\amsfonts.sty"
Package: amsfonts 2013/01/14 v3.01 Basic AMSFonts support
\@emptytoks=\toks28
\symAMSa=\mathgroup4
\symAMSb=\mathgroup5
LaTeX Font Info:    Overwriting math alphabet `\mathfrak' in version `bold'
(Font)                  U/euf/m/n --> U/euf/b/n on input line 106.
))
("C:\Users\Akhil Jain\Desktop\Technical\E-yantra\Latex - Installed\tex\latex\sa
nsmathaccent\sansmathaccent.sty"
Package: sansmathaccent 2013/03/28

("C:\Users\Akhil Jain\Desktop\Technical\E-yantra\Latex - Installed\tex\latex\fi
lehook\filehook.sty"
Package: filehook 2011/10/12 v0.5d Hooks for input files
)))
("C:\Users\Akhil Jain\Desktop\Technical\E-yantra\Latex - Installed\tex\latex\be
amer\base\beamerbasetranslator.sty"
Package: beamerbasetranslator 2010/06/11  (rcs-revision 85fd1cc7fc42)

("C:\Users\Akhil Jain\Desktop\Technical\E-yantra\Latex - Installed\tex\latex\be
amer\base\translator\translator.sty"
Package: translator 2010/06/12 ver 1.10

("C:\Users\Akhil Jain\Desktop\Technical\E-yantra\Latex - Installed\tex\latex\be
amer\base\translator\translator-language-mappings.tex")))
("C:\Users\Akhil Jain\Desktop\Technical\E-yantra\Latex - Installed\tex\latex\be
amer\base\beamerbasemisc.sty"
Package: beamerbasemisc 2013/09/03  (rcs-revision a55719c41d85)
)
("C:\Users\Akhil Jain\Desktop\Technical\E-yantra\Latex - Installed\tex\latex\be
amer\base\beamerbasetwoscreens.sty"
Package: beamerbasetwoscreens 2010/05/01  (rcs-revision efa082c6111d)
)
("C:\Users\Akhil Jain\Desktop\Technical\E-yantra\Latex - Installed\tex\latex\be
amer\base\beamerbaseoverlay.sty"
Package: beamerbaseoverlay 2013/12/25  (rcs-revision f6bd5e3805da)
\beamer@argscount=\count127
\beamer@lastskipcover=\skip47
\beamer@trivlistdepth=\count128
)
("C:\Users\Akhil Jain\Desktop\Technical\E-yantra\Latex - Installed\tex\latex\be
amer\base\beamerbasetitle.sty"
Package: beamerbasetitle 2010/09/21  (rcs-revision f0446ed0b6ae)
)
("C:\Users\Akhil Jain\Desktop\Technical\E-yantra\Latex - Installed\tex\latex\be
amer\base\beamerbasesection.sty"
Package: beamerbasesection 2013/06/07  (rcs-revision 60b9fe0f342f)
\c@lecture=\count129
\c@part=\count130
\c@section=\count131
\c@subsection=\count132
\c@subsubsection=\count133
)
("C:\Users\Akhil Jain\Desktop\Technical\E-yantra\Latex - Installed\tex\latex\be
amer\base\beamerbaseframe.sty"
Package: beamerbaseframe 2013/10/02  (rcs-revision cdc8e9a3aaac)
\beamer@framebox=\box40
\beamer@frametitlebox=\box41
\beamer@zoombox=\box42
\beamer@zoomcount=\count134
\beamer@zoomframecount=\count135
\beamer@frametextheight=\dimen170
\c@subsectionslide=\count136
\beamer@frametopskip=\skip48
\beamer@framebottomskip=\skip49
\beamer@frametopskipautobreak=\skip50
\beamer@framebottomskipautobreak=\skip51
\beamer@envbody=\toks29
\framewidth=\dimen171
\c@framenumber=\count137
)
("C:\Users\Akhil Jain\Desktop\Technical\E-yantra\Latex - Installed\tex\latex\be
amer\base\beamerbaseverbatim.sty"
Package: beamerbaseverbatim 2012/08/30  (rcs-revision dfdb135076b3)
\beamer@verbatimfileout=\write4
)
("C:\Users\Akhil Jain\Desktop\Technical\E-yantra\Latex - Installed\tex\latex\be
amer\base\beamerbaseframesize.sty"
Package: beamerbaseframesize 2011/09/12  (rcs-revision 70f9d8411e54)
\beamer@splitbox=\box43
\beamer@autobreakcount=\count138
\beamer@autobreaklastheight=\dimen172
\beamer@frametitletoks=\toks30
\beamer@framesubtitletoks=\toks31
)
("C:\Users\Akhil Jain\Desktop\Technical\E-yantra\Latex - Installed\tex\latex\be
amer\base\beamerbaseframecomponents.sty"
Package: beamerbaseframecomponents 2013/10/18  (rcs-revision 5cf6c5555a45)
\beamer@footins=\box44
)
("C:\Users\Akhil Jain\Desktop\Technical\E-yantra\Latex - Installed\tex\latex\be
amer\base\beamerbasecolor.sty"
Package: beamerbasecolor 2010/06/06  (rcs-revision d1a9b48be06d)
)
("C:\Users\Akhil Jain\Desktop\Technical\E-yantra\Latex - Installed\tex\latex\be
amer\base\beamerbasenotes.sty"
Package: beamerbasenotes 2012/12/19  (rcs-revision 1686da3db3c9)
\beamer@frameboxcopy=\box45
)
("C:\Users\Akhil Jain\Desktop\Technical\E-yantra\Latex - Installed\tex\latex\be
amer\base\beamerbasetoc.sty"
Package: beamerbasetoc 2013/05/23  (rcs-revision 0fdf5bc43be8)
)
("C:\Users\Akhil Jain\Desktop\Technical\E-yantra\Latex - Installed\tex\latex\be
amer\base\beamerbasetemplates.sty"
Package: beamerbasetemplates 2010/05/01  (rcs-revision efa082c6111d)
\beamer@sbttoks=\toks32

("C:\Users\Akhil Jain\Desktop\Technical\E-yantra\Latex - Installed\tex\latex\be
amer\base\beamerbaseauxtemplates.sty"
Package: beamerbaseauxtemplates 2013/09/04  (rcs-revision 4ac715c499d0)

("C:\Users\Akhil Jain\Desktop\Technical\E-yantra\Latex - Installed\tex\latex\be
amer\base\beamerbaseboxes.sty"
Package: beamerbaseboxes 2012/05/13  (rcs-revision 56972908a390)
\bmb@box=\box46
\bmb@colorbox=\box47
\bmb@boxshadow=\box48
\bmb@boxshadowball=\box49
\bmb@boxshadowballlarge=\box50
\bmb@temp=\dimen173
\bmb@dima=\dimen174
\bmb@dimb=\dimen175
\bmb@prevheight=\dimen176
)
\beamer@blockheadheight=\dimen177
))
("C:\Users\Akhil Jain\Desktop\Technical\E-yantra\Latex - Installed\tex\latex\be
amer\base\beamerbaselocalstructure.sty"
Package: beamerbaselocalstructure 2013/09/04  (rcs-revision 4ac715c499d0)

("C:\Users\Akhil Jain\Desktop\Technical\E-yantra\Latex - Installed\tex\latex\to
ols\enumerate.sty"
Package: enumerate 1999/03/05 v3.00 enumerate extensions (DPC)
\@enLab=\toks33
)
\c@figure=\count139
\c@table=\count140
\abovecaptionskip=\skip52
\belowcaptionskip=\skip53
)
("C:\Users\Akhil Jain\Desktop\Technical\E-yantra\Latex - Installed\tex\latex\be
amer\base\beamerbasenavigation.sty"
Package: beamerbasenavigation 2013/10/05  (rcs-revision 62be157fe783)
\beamer@section@min@dim=\dimen178
)
("C:\Users\Akhil Jain\Desktop\Technical\E-yantra\Latex - Installed\tex\latex\be
amer\base\beamerbasetheorems.sty"
Package: beamerbasetheorems 2010/06/06  (rcs-revision 7e7cc5e53e9d)

("C:\Users\Akhil Jain\Desktop\Technical\E-yantra\Latex - Installed\tex\latex\am
smath\amsmath.sty"
Package: amsmath 2013/01/14 v2.14 AMS math features
\@mathmargin=\skip54

For additional information on amsmath, use the `?' option.

("C:\Users\Akhil Jain\Desktop\Technical\E-yantra\Latex - Installed\tex\latex\am
smath\amstext.sty"
Package: amstext 2000/06/29 v2.01

("C:\Users\Akhil Jain\Desktop\Technical\E-yantra\Latex - Installed\tex\latex\am
smath\amsgen.sty"
File: amsgen.sty 1999/11/30 v2.0
\@emptytoks=\toks34
\ex@=\dimen179
))
("C:\Users\Akhil Jain\Desktop\Technical\E-yantra\Latex - Installed\tex\latex\am
smath\amsbsy.sty"
Package: amsbsy 1999/11/29 v1.2d
\pmbraise@=\dimen180
)
("C:\Users\Akhil Jain\Desktop\Technical\E-yantra\Latex - Installed\tex\latex\am
smath\amsopn.sty"
Package: amsopn 1999/12/14 v2.01 operator names
)
\inf@bad=\count141
LaTeX Info: Redefining \frac on input line 210.
\uproot@=\count142
\leftroot@=\count143
LaTeX Info: Redefining \overline on input line 306.
\classnum@=\count144
\DOTSCASE@=\count145
LaTeX Info: Redefining \ldots on input line 378.
LaTeX Info: Redefining \dots on input line 381.
LaTeX Info: Redefining \cdots on input line 466.
\Mathstrutbox@=\box51
\strutbox@=\box52
\big@size=\dimen181
LaTeX Font Info:    Redeclaring font encoding OML on input line 566.
LaTeX Font Info:    Redeclaring font encoding OMS on input line 567.
\macc@depth=\count146
\c@MaxMatrixCols=\count147
\dotsspace@=\muskip11
\c@parentequation=\count148
\dspbrk@lvl=\count149
\tag@help=\toks35
\row@=\count150
\column@=\count151
\maxfields@=\count152
\andhelp@=\toks36
\eqnshift@=\dimen182
\alignsep@=\dimen183
\tagshift@=\dimen184
\tagwidth@=\dimen185
\totwidth@=\dimen186
\lineht@=\dimen187
\@envbody=\toks37
\multlinegap=\skip55
\multlinetaggap=\skip56
\mathdisplay@stack=\toks38
LaTeX Info: Redefining \[ on input line 2665.
LaTeX Info: Redefining \] on input line 2666.
)
("C:\Users\Akhil Jain\Desktop\Technical\E-yantra\Latex - Installed\tex\latex\am
scls\amsthm.sty"
Package: amsthm 2004/08/06 v2.20
\thm@style=\toks39
\thm@bodyfont=\toks40
\thm@headfont=\toks41
\thm@notefont=\toks42
\thm@headpunct=\toks43
\thm@preskip=\skip57
\thm@postskip=\skip58
\thm@headsep=\skip59
\dth@everypar=\toks44
)
\c@theorem=\count153
)
("C:\Users\Akhil Jain\Desktop\Technical\E-yantra\Latex - Installed\tex\latex\be
amer\base\beamerbasethemes.sty"
Package: beamerbasethemes 2010/05/01  (rcs-revision efa082c6111d)
))
("C:\Users\Akhil Jain\Desktop\Technical\E-yantra\Latex - Installed\tex\latex\be
amer\base\themes\theme\beamerthemedefault.sty"
Package: beamerthemedefault 2010/06/17  (rcs-revision d02a7cf4d8ae)

("C:\Users\Akhil Jain\Desktop\Technical\E-yantra\Latex - Installed\tex\latex\be
amer\base\themes\font\beamerfontthemedefault.sty"
Package: beamerfontthemedefault 2012/12/19  (rcs-revision 1686da3db3c9)
)
("C:\Users\Akhil Jain\Desktop\Technical\E-yantra\Latex - Installed\tex\latex\be
amer\base\themes\color\beamercolorthemedefault.sty"
Package: beamercolorthemedefault 2012/12/19  (rcs-revision 1686da3db3c9)
)
("C:\Users\Akhil Jain\Desktop\Technical\E-yantra\Latex - Installed\tex\latex\be
amer\base\themes\inner\beamerinnerthemedefault.sty"
Package: beamerinnerthemedefault 2013/10/15  (rcs-revision 65cb471f9634)
\beamer@dima=\dimen188
\beamer@dimb=\dimen189
)
("C:\Users\Akhil Jain\Desktop\Technical\E-yantra\Latex - Installed\tex\latex\be
amer\base\themes\outer\beamerouterthemedefault.sty"
Package: beamerouterthemedefault 2012/12/19  (rcs-revision 1686da3db3c9)
))
("C:\Users\Akhil Jain\Desktop\Technical\E-yantra\Latex - Installed\tex\latex\be
amer\base\themes\color\beamercolorthemestructure.sty"
Package: beamercolorthemestructure 2010/06/17  (rcs-revision d02a7cf4d8ae)
))
("C:\Users\Akhil Jain\Desktop\Technical\E-yantra\Latex - Installed\tex\latex\be
amer\base\themes\theme\beamerthemeBerlin.sty"
Package: beamerthemeBerlin 2010/06/17  (rcs-revision d02a7cf4d8ae)

("C:\Users\Akhil Jain\Desktop\Technical\E-yantra\Latex - Installed\tex\latex\be
amer\base\themes\outer\beamerouterthememiniframes.sty"
Package: beamerouterthememiniframes 2010/06/17  (rcs-revision d02a7cf4d8ae)
)
("C:\Users\Akhil Jain\Desktop\Technical\E-yantra\Latex - Installed\tex\latex\be
amer\base\themes\color\beamercolorthemewhale.sty"
Package: beamercolorthemewhale 2010/06/17  (rcs-revision d02a7cf4d8ae)
)
("C:\Users\Akhil Jain\Desktop\Technical\E-yantra\Latex - Installed\tex\latex\be
amer\base\themes\color\beamercolorthemeorchid.sty"
Package: beamercolorthemeorchid 2010/06/17  (rcs-revision d02a7cf4d8ae)
)
("C:\Users\Akhil Jain\Desktop\Technical\E-yantra\Latex - Installed\tex\latex\be
amer\base\themes\inner\beamerinnerthemerectangles.sty"
Package: beamerinnerthemerectangles 2010/06/17  (rcs-revision d02a7cf4d8ae)
))
("C:\Users\Akhil Jain\Desktop\Technical\E-yantra\Latex - Installed\tex\latex\be
amer\base\themes\theme\compatibility\beamerthemeshadow.sty"
Package: beamerthemeshadow 2010/06/17  (rcs-revision d02a7cf4d8ae)

("C:\Users\Akhil Jain\Desktop\Technical\E-yantra\Latex - Installed\tex\latex\be
amer\base\themes\inner\beamerinnerthemerounded.sty"
Package: beamerinnerthemerounded 2010/06/17  (rcs-revision d02a7cf4d8ae)
)
("C:\Users\Akhil Jain\Desktop\Technical\E-yantra\Latex - Installed\tex\latex\be
amer\base\themes\outer\beamerouterthemeshadow.sty"
Package: beamerouterthemeshadow 2010/06/17  (rcs-revision d02a7cf4d8ae)

("C:\Users\Akhil Jain\Desktop\Technical\E-yantra\Latex - Installed\tex\latex\be
amer\base\themes\outer\beamerouterthemesplit.sty"
Package: beamerouterthemesplit 2012/10/16  (rcs-revision 51a8c72084af)
))
("C:\Users\Akhil Jain\Desktop\Technical\E-yantra\Latex - Installed\tex\latex\be
amer\base\themes\font\beamerfontthemestructurebold.sty"
Package: beamerfontthemestructurebold 2010/06/17  (rcs-revision d02a7cf4d8ae)
))
("C:\Users\Akhil Jain\Desktop\Technical\E-yantra\Latex - Installed\tex\latex\be
amer\base\themes\theme\compatibility\beamerthemesplit.sty"
Package: beamerthemesplit 2010/06/17  (rcs-revision d02a7cf4d8ae)
)
("C:\Users\Akhil Jain\Desktop\Technical\E-yantra\Latex - Installed\tex\latex\bo
oktabs\booktabs.sty"
Package: booktabs 2005/04/14 v1.61803 publication quality tables
\heavyrulewidth=\dimen190
\lightrulewidth=\dimen191
\cmidrulewidth=\dimen192
\belowrulesep=\dimen193
\belowbottomsep=\dimen194
\aboverulesep=\dimen195
\abovetopsep=\dimen196
\cmidrulesep=\dimen197
\cmidrulekern=\dimen198
\defaultaddspace=\dimen199
\@cmidla=\count154
\@cmidlb=\count155
\@aboverulesep=\dimen200
\@belowrulesep=\dimen201
\@thisruleclass=\count156
\@lastruleclass=\count157
\@thisrulewidth=\dimen202
)
("C:\Users\Akhil Jain\Desktop\Technical\E-yantra\Latex - Installed\tex\latex\li
stings\listings.sty"
\lst@mode=\count158
\lst@gtempboxa=\box53
\lst@token=\toks45
\lst@length=\count159
\lst@currlwidth=\dimen203
\lst@column=\count160
\lst@pos=\count161
\lst@lostspace=\dimen204
\lst@width=\dimen205
\lst@newlines=\count162
\lst@lineno=\count163
\lst@maxwidth=\dimen206

("C:\Users\Akhil Jain\Desktop\Technical\E-yantra\Latex - Installed\tex\latex\li
stings\lstmisc.sty"
File: lstmisc.sty 2014/03/04 1.5c (Carsten Heinz)
\c@lstnumber=\count164
\lst@skipnumbers=\count165
\lst@framebox=\box54
)
("C:\Users\Akhil Jain\Desktop\Technical\E-yantra\Latex - Installed\tex\latex\li
stings\listings.cfg"
File: listings.cfg 2014/03/04 1.5c listings configuration
))
Package: listings 2014/03/04 1.5c (Carsten Heinz)

("C:\Users\Akhil Jain\Desktop\Technical\E-yantra\Latex - Installed\tex\latex\to
ols\verbatim.sty"
Package: verbatim 2003/08/22 v1.5q LaTeX2e package for verbatim enhancements
\every@verbatim=\toks46
\verbatim@line=\toks47
\verbatim@in@stream=\read2
)
("C:\Users\Akhil Jain\Desktop\Technical\E-yantra\Latex - Installed\tex\latex\mo
reverb\moreverb.sty"
Package: moreverb 2008/06/03 v2.3a `more' verbatim facilities
\tab@position=\count166
\tab@size=\count167
\listing@line=\count168
)
("C:\Users\Akhil Jain\Desktop\Technical\E-yantra\Latex - Installed\tex\latex\mu
ltirow\multirow.sty"
\bigstrutjot=\dimen207
)
("C:\Users\Akhil Jain\Desktop\Technical\E-yantra\Latex - Installed\tex\latex\pg
f\frontendlayer\tikz.sty"
("C:\Users\Akhil Jain\Desktop\Technical\E-yantra\Latex - Installed\tex\latex\pg
f\basiclayer\pgf.sty"
Package: pgf 2013/12/18 v3.0.0 (rcs-revision 1.14)

("C:\Users\Akhil Jain\Desktop\Technical\E-yantra\Latex - Installed\tex\generic\
pgf\modules\pgfmoduleshapes.code.tex"
File: pgfmoduleshapes.code.tex 2013/10/31  (rcs-revision 1.34)
\pgfnodeparttextbox=\box55
)
("C:\Users\Akhil Jain\Desktop\Technical\E-yantra\Latex - Installed\tex\generic\
pgf\modules\pgfmoduleplot.code.tex"
File: pgfmoduleplot.code.tex 2013/07/31  (rcs-revision 1.12)
)
("C:\Users\Akhil Jain\Desktop\Technical\E-yantra\Latex - Installed\tex\latex\pg
f\compatibility\pgfcomp-version-0-65.sty"
Package: pgfcomp-version-0-65 2007/07/03 v3.0.0 (rcs-revision 1.7)
\pgf@nodesepstart=\dimen208
\pgf@nodesepend=\dimen209
)
("C:\Users\Akhil Jain\Desktop\Technical\E-yantra\Latex - Installed\tex\latex\pg
f\compatibility\pgfcomp-version-1-18.sty"
Package: pgfcomp-version-1-18 2007/07/23 v3.0.0 (rcs-revision 1.1)
))
("C:\Users\Akhil Jain\Desktop\Technical\E-yantra\Latex - Installed\tex\latex\pg
f\utilities\pgffor.sty"
("C:\Users\Akhil Jain\Desktop\Technical\E-yantra\Latex - Installed\tex\latex\pg
f\utilities\pgfkeys.sty"
("C:\Users\Akhil Jain\Desktop\Technical\E-yantra\Latex - Installed\tex\generic\
pgf\utilities\pgfkeys.code.tex"))
("C:\Users\Akhil Jain\Desktop\Technical\E-yantra\Latex - Installed\tex\latex\pg
f\math\pgfmath.sty"
("C:\Users\Akhil Jain\Desktop\Technical\E-yantra\Latex - Installed\tex\generic\
pgf\math\pgfmath.code.tex"))
("C:\Users\Akhil Jain\Desktop\Technical\E-yantra\Latex - Installed\tex\generic\
pgf\utilities\pgffor.code.tex"
Package: pgffor 2013/12/13 v3.0.0 (rcs-revision 1.25)

("C:\Users\Akhil Jain\Desktop\Technical\E-yantra\Latex - Installed\tex\generic\
pgf\math\pgfmath.code.tex")
\pgffor@iter=\dimen210
\pgffor@skip=\dimen211
\pgffor@stack=\toks48
\pgffor@toks=\toks49
))
("C:\Users\Akhil Jain\Desktop\Technical\E-yantra\Latex - Installed\tex\generic\
pgf\frontendlayer\tikz\tikz.code.tex"
Package: tikz 2013/12/13 v3.0.0 (rcs-revision 1.142)

("C:\Users\Akhil Jain\Desktop\Technical\E-yantra\Latex - Installed\tex\generic\
pgf\libraries\pgflibraryplothandlers.code.tex"
File: pgflibraryplothandlers.code.tex 2013/08/31 v3.0.0 (rcs-revision 1.20)
\pgf@plot@mark@count=\count169
\pgfplotmarksize=\dimen212
)
\tikz@lastx=\dimen213
\tikz@lasty=\dimen214
\tikz@lastxsaved=\dimen215
\tikz@lastysaved=\dimen216
\tikzleveldistance=\dimen217
\tikzsiblingdistance=\dimen218
\tikz@figbox=\box56
\tikz@figbox@bg=\box57
\tikz@tempbox=\box58
\tikz@tempbox@bg=\box59
\tikztreelevel=\count170
\tikznumberofchildren=\count171
\tikznumberofcurrentchild=\count172
\tikz@fig@count=\count173

("C:\Users\Akhil Jain\Desktop\Technical\E-yantra\Latex - Installed\tex\generic\
pgf\modules\pgfmodulematrix.code.tex"
File: pgfmodulematrix.code.tex 2013/09/17  (rcs-revision 1.8)
\pgfmatrixcurrentrow=\count174
\pgfmatrixcurrentcolumn=\count175
\pgf@matrix@numberofcolumns=\count176
)
\tikz@expandcount=\count177

("C:\Users\Akhil Jain\Desktop\Technical\E-yantra\Latex - Installed\tex\generic\
pgf\frontendlayer\tikz\libraries\tikzlibrarytopaths.code.tex"
File: tikzlibrarytopaths.code.tex 2008/06/17 v3.0.0 (rcs-revision 1.2)
)))
("C:\Users\Akhil Jain\Desktop\Technical\E-yantra\Latex - Installed\tex\generic\
pgf\frontendlayer\tikz\libraries\tikzlibraryarrows.code.tex"
File: tikzlibraryarrows.code.tex 2008/01/09 v3.0.0 (rcs-revision 1.1)

("C:\Users\Akhil Jain\Desktop\Technical\E-yantra\Latex - Installed\tex\generic\
pgf\libraries\pgflibraryarrows.code.tex"
File: pgflibraryarrows.code.tex 2013/09/23 v3.0.0 (rcs-revision 1.16)
\arrowsize=\dimen219
))

Package hyperref Warning: Token not allowed in a PDF string (PDFDocEncoding):
(hyperref)                removing `\\' on input line 121.


Package hyperref Warning: Token not allowed in a PDF string (PDFDocEncoding):
(hyperref)                removing `\\' on input line 121.


Package hyperref Warning: Token not allowed in a PDF string (PDFDocEncoding):
(hyperref)                removing `\\' on input line 121.


("C:\Users\Akhil Jain\Desktop\Technical\E-yantra\Latex Codes\Presentation\E13_D
epth_Tracking_with_firebird_linux.aux")
LaTeX Font Info:    Checking defaults for OML/cmm/m/it on input line 127.
LaTeX Font Info:    ... okay on input line 127.
LaTeX Font Info:    Checking defaults for T1/cmr/m/n on input line 127.
LaTeX Font Info:    ... okay on input line 127.
LaTeX Font Info:    Checking defaults for OT1/cmr/m/n on input line 127.
LaTeX Font Info:    ... okay on input line 127.
LaTeX Font Info:    Checking defaults for OMS/cmsy/m/n on input line 127.
LaTeX Font Info:    ... okay on input line 127.
LaTeX Font Info:    Checking defaults for OMX/cmex/m/n on input line 127.
LaTeX Font Info:    ... okay on input line 127.
LaTeX Font Info:    Checking defaults for U/cmr/m/n on input line 127.
LaTeX Font Info:    ... okay on input line 127.
LaTeX Font Info:    Checking defaults for PD1/pdf/m/n on input line 127.
LaTeX Font Info:    ... okay on input line 127.

*geometry* driver: auto-detecting
*geometry* detected driver: pdftex
*geometry* verbose mode - [ preamble ] result:
* driver: pdftex
* paper: custom
* layout: <same size as paper>
* layoutoffset:(h,v)=(0.0pt,0.0pt)
* modes: includehead includefoot 
* h-part:(L,W,R)=(28.45274pt, 307.28987pt, 28.45274pt)
* v-part:(T,H,B)=(0.0pt, 273.14662pt, 0.0pt)
* \paperwidth=364.19536pt
* \paperheight=273.14662pt
* \textwidth=307.28987pt
* \textheight=244.6939pt
* \oddsidemargin=-43.81725pt
* \evensidemargin=-43.81725pt
* \topmargin=-72.26999pt
* \headheight=14.22636pt
* \headsep=0.0pt
* \topskip=10.0pt
* \footskip=14.22636pt
* \marginparwidth=3.0pt
* \marginparsep=11.0pt
* \columnsep=10.0pt
* \skip\footins=9.0pt plus 4.0pt minus 2.0pt
* \hoffset=0.0pt
* \voffset=0.0pt
* \mag=1000
* \@twocolumnfalse
* \@twosidefalse
* \@mparswitchfalse
* \@reversemarginfalse
* (1in=72.27pt=25.4mm, 1cm=28.453pt)


("C:\Users\Akhil Jain\Desktop\Technical\E-yantra\Latex - Installed\tex\context\
base\supp-pdf.mkii"
[Loading MPS to PDF converter (version 2006.09.02).]
\scratchcounter=\count178
\scratchdimen=\dimen220
\scratchbox=\box60
\nofMPsegments=\count179
\nofMParguments=\count180
\everyMPshowfont=\toks50
\MPscratchCnt=\count181
\MPscratchDim=\dimen221
\MPnumerator=\count182
\makeMPintoPDFobject=\count183
\everyMPtoPDFconversion=\toks51
) ABD: EveryShipout initializing macros
\AtBeginShipoutBox=\box61
Package hyperref Info: Link coloring OFF on input line 127.

("C:\Users\Akhil Jain\Desktop\Technical\E-yantra\Latex - Installed\tex\latex\hy
perref\nameref.sty"
Package: nameref 2012/10/27 v2.43 Cross-referencing by name of section

("C:\Users\Akhil Jain\Desktop\Technical\E-yantra\Latex - Installed\tex\generic\
oberdiek\gettitlestring.sty"
Package: gettitlestring 2010/12/03 v1.4 Cleanup title references (HO)
)
\c@section@level=\count184
)
LaTeX Info: Redefining \ref on input line 127.
LaTeX Info: Redefining \pageref on input line 127.
LaTeX Info: Redefining \nameref on input line 127.

("C:\Users\Akhil Jain\Desktop\Technical\E-yantra\Latex Codes\Presentation\E13_D
epth_Tracking_with_firebird_linux.out")
("C:\Users\Akhil Jain\Desktop\Technical\E-yantra\Latex Codes\Presentation\E13_D
epth_Tracking_with_firebird_linux.out")
\@outlinefile=\write5
LaTeX Font Info:    Overwriting symbol font `operators' in version `normal'
(Font)                  OT1/cmr/m/n --> OT1/cmss/m/n on input line 127.
LaTeX Font Info:    Overwriting symbol font `operators' in version `bold'
(Font)                  OT1/cmr/bx/n --> OT1/cmss/bx/n on input line 127.
\symnumbers=\mathgroup6
\sympureletters=\mathgroup7
LaTeX Font Info:    Overwriting math alphabet `\mathrm' in version `normal'
(Font)                  OT1/cmss/m/n --> OT1/cmr/m/n on input line 127.
LaTeX Font Info:    Redeclaring math alphabet \mathbf on input line 127.
LaTeX Font Info:    Overwriting math alphabet `\mathbf' in version `normal'
(Font)                  OT1/cmr/bx/n --> OT1/cmss/bx/n on input line 127.
LaTeX Font Info:    Overwriting math alphabet `\mathbf' in version `bold'
(Font)                  OT1/cmr/bx/n --> OT1/cmss/bx/n on input line 127.
LaTeX Font Info:    Redeclaring math alphabet \mathsf on input line 127.
LaTeX Font Info:    Overwriting math alphabet `\mathsf' in version `normal'
(Font)                  OT1/cmss/m/n --> OT1/cmss/m/n on input line 127.
LaTeX Font Info:    Overwriting math alphabet `\mathsf' in version `bold'
(Font)                  OT1/cmss/bx/n --> OT1/cmss/m/n on input line 127.
LaTeX Font Info:    Redeclaring math alphabet \mathit on input line 127.
LaTeX Font Info:    Overwriting math alphabet `\mathit' in version `normal'
(Font)                  OT1/cmr/m/it --> OT1/cmss/m/it on input line 127.
LaTeX Font Info:    Overwriting math alphabet `\mathit' in version `bold'
(Font)                  OT1/cmr/bx/it --> OT1/cmss/m/it on input line 127.
LaTeX Font Info:    Redeclaring math alphabet \mathtt on input line 127.
LaTeX Font Info:    Overwriting math alphabet `\mathtt' in version `normal'
(Font)                  OT1/cmtt/m/n --> OT1/cmtt/m/n on input line 127.
LaTeX Font Info:    Overwriting math alphabet `\mathtt' in version `bold'
(Font)                  OT1/cmtt/m/n --> OT1/cmtt/m/n on input line 127.
LaTeX Font Info:    Overwriting symbol font `numbers' in version `bold'
(Font)                  OT1/cmss/m/n --> OT1/cmss/bx/n on input line 127.
LaTeX Font Info:    Overwriting symbol font `pureletters' in version `bold'
(Font)                  OT1/cmss/m/it --> OT1/cmss/bx/it on input line 127.
LaTeX Font Info:    Overwriting math alphabet `\mathrm' in version `bold'
(Font)                  OT1/cmss/bx/n --> OT1/cmr/bx/n on input line 127.
LaTeX Font Info:    Overwriting math alphabet `\mathbf' in version `bold'
(Font)                  OT1/cmss/bx/n --> OT1/cmss/bx/n on input line 127.
LaTeX Font Info:    Overwriting math alphabet `\mathsf' in version `bold'
(Font)                  OT1/cmss/m/n --> OT1/cmss/bx/n on input line 127.
LaTeX Font Info:    Overwriting math alphabet `\mathit' in version `bold'
(Font)                  OT1/cmss/m/it --> OT1/cmss/bx/it on input line 127.
LaTeX Font Info:    Overwriting math alphabet `\mathtt' in version `bold'
(Font)                  OT1/cmtt/m/n --> OT1/cmtt/bx/n on input line 127.
LaTeX Font Info:    Redeclaring symbol font `pureletters' on input line 127.
LaTeX Font Info:    Overwriting symbol font `pureletters' in version `normal'
(Font)                  OT1/cmss/m/it --> OT1/mathkerncmss/m/sl on input line 1
27.
LaTeX Font Info:    Overwriting symbol font `pureletters' in version `bold'
(Font)                  OT1/cmss/bx/it --> OT1/mathkerncmss/m/sl on input line 
127.
LaTeX Font Info:    Overwriting symbol font `pureletters' in version `bold'
(Font)                  OT1/mathkerncmss/m/sl --> OT1/mathkerncmss/bx/sl on inp
ut line 127.

("C:\Users\Akhil Jain\Desktop\Technical\E-yantra\Latex - Installed\tex\latex\be
amer\base\translator\dicts\translator-basic-dictionary\translator-basic-diction
ary-English.dict"
Dictionary: translator-basic-dictionary, Language: English 
)
("C:\Users\Akhil Jain\Desktop\Technical\E-yantra\Latex - Installed\tex\latex\be
amer\base\translator\dicts\translator-bibliography-dictionary\translator-biblio
graphy-dictionary-English.dict"
Dictionary: translator-bibliography-dictionary, Language: English 
)
("C:\Users\Akhil Jain\Desktop\Technical\E-yantra\Latex - Installed\tex\latex\be
amer\base\translator\dicts\translator-environment-dictionary\translator-environ
ment-dictionary-English.dict"
Dictionary: translator-environment-dictionary, Language: English 
)
("C:\Users\Akhil Jain\Desktop\Technical\E-yantra\Latex - Installed\tex\latex\be
amer\base\translator\dicts\translator-months-dictionary\translator-months-dicti
onary-English.dict"
Dictionary: translator-months-dictionary, Language: English 
)
("C:\Users\Akhil Jain\Desktop\Technical\E-yantra\Latex - Installed\tex\latex\be
amer\base\translator\dicts\translator-numbers-dictionary\translator-numbers-dic
tionary-English.dict"
Dictionary: translator-numbers-dictionary, Language: English 
)
("C:\Users\Akhil Jain\Desktop\Technical\E-yantra\Latex - Installed\tex\latex\be
amer\base\translator\dicts\translator-theorem-dictionary\translator-theorem-dic
tionary-English.dict"
Dictionary: translator-theorem-dictionary, Language: English 
)
LaTeX Info: Redefining \includegraphics on input line 127.
\c@lstlisting=\count185

("C:\Users\Akhil Jain\Desktop\Technical\E-yantra\Latex Codes\Presentation\E13_D
epth_Tracking_with_firebird_linux.nav")

LaTeX Font Warning: Font shape `OT1/cmss/bx/n' in size <4> not available
(Font)              size <5> substituted on input line 131.


LaTeX Warning: File `iitblogo.pdf' not found on input line 131.


! Package pdftex.def Error: File `iitblogo.pdf' not found.

See the pdftex.def package documentation for explanation.
Type  H <return>  for immediate help.
 ...                                              
                                                  
l.131 \end{frame}
                 
Using draft setting for this image.
Try typing  <return>  to proceed.
If that doesn't work, type  X <return>  to quit.

LaTeX Font Info:    Font shape `OT1/cmtt/bx/n' in size <4> not available
(Font)              Font shape `OT1/cmtt/m/n' tried instead on input line 131.

LaTeX Font Warning: Font shape `OT1/cmtt/m/n' in size <4> not available
(Font)              size <5> substituted on input line 131.


LaTeX Font Warning: Font shape `OT1/cmss/m/n' in size <4> not available
(Font)              size <5> substituted on input line 131.

[1{C:/Users/Akhil Jain/AppData/Local/MiKTeX/2.9/pdftex/config/pdftex.map}

]
\tf@nav=\write6
\tf@toc=\write7
\tf@snm=\write8
Package atveryend Info: Empty hook `BeforeClearDocument' on input line 134.
Package atveryend Info: Empty hook `AfterLastShipout' on input line 134.

("C:\Users\Akhil Jain\Desktop\Technical\E-yantra\Latex Codes\Presentation\E13_D
epth_Tracking_with_firebird_linux.aux")
Package atveryend Info: Executing hook `AtVeryEndDocument' on input line 134.
Package atveryend Info: Executing hook `AtEndAfterFileList' on input line 134.
Package rerunfilecheck Info: File `E13_Depth_Tracking_with_firebird_linux.out' 
has not changed.
(rerunfilecheck)             Checksum: D41D8CD98F00B204E9800998ECF8427E;0.


LaTeX Font Warning: Size substitutions with differences
(Font)              up to 1.0pt have occurred.

Package atveryend Info: Empty hook `AtVeryVeryEnd' on input line 134.
 ) 
Here is how much of TeX's memory you used:
 21283 strings out of 493921
 436983 string characters out of 3132431
 482574 words of memory out of 3000000
 24091 multiletter control sequences out of 15000+200000
 5608 words of font info for 21 fonts, out of 3000000 for 9000
 841 hyphenation exceptions out of 8191
 56i,16n,59p,512b,554s stack positions out of 5000i,500n,10000p,200000b,50000s
<C:/Users/Akhil Jain/Desktop/Technical/E-yantra/Latex - Installed/fonts/type1
/public/amsfonts/cm/cmss10.pfb><C:/Users/Akhil Jain/Desktop/Technical/E-yantra/
Latex - Installed/fonts/type1/public/amsfonts/cm/cmss12.pfb><C:/Users/Akhil Jai
n/Desktop/Technical/E-yantra/Latex - Installed/fonts/type1/public/amsfonts/cm/c
mssbx10.pfb><C:/Users/Akhil Jain/Desktop/Technical/E-yantra/Latex - Installed/f
onts/type1/public/amsfonts/cm/cmtt8.pfb>
Output written on E13_Depth_Tracking_with_firebird_linux.pdf (1 page, 47340 byt
es).
PDF statistics:
 67 PDF objects out of 1000 (max. 8388607)
 3 named destinations out of 1000 (max. 500000)
 67 words of extra memory for PDF output out of 10000 (max. 10000000)

